#
# A fatal error has been detected by the Java Runtime Environment:
#
#  EXCEPTION_ACCESS_VIOLATION (0xc0000005) at pc=0x00007ffafc773c85, pid=22004, tid=22348
#
# JRE version: Java(TM) SE Runtime Environment (12.0+33) (build 12+33)
# Java VM: Java HotSpot(TM) 64-Bit Server VM (12+33, mixed mode, sharing, tiered, compressed oops, g1 gc, windows-amd64)
# Problematic frame:
# C  [DiscordHook64.dll+0x43c85]
#
# No core dump will be written. Minidumps are not enabled by default on client versions of Windows
#
# If you would like to submit a bug report, please visit:
#   http://bugreport.java.com/bugreport/crash.jsp
#

---------------  S U M M A R Y ------------

Command Line: -javaagent:D:\Programmi\IntelliJ IDEA Community Edition 2018.3.4\lib\idea_rt.jar=52166:D:\Programmi\IntelliJ IDEA Community Edition 2018.3.4\bin -Dfile.encoding=UTF-8 ViewController.Menu

Host: Intel(R) Core(TM) i7-6700K CPU @ 4.00GHz, 8 cores, 15G,  Windows 10 , 64 bit Build 17134 (10.0.17134.706)
Time: Sun Apr 28 22:46:30 2019 ora legale Europa occidentale elapsed time: 1265 seconds (0d 0h 21m 5s)

---------------  T H R E A D  ---------------

Current thread (0x000001ee231da800):  VMThread "VM Thread" [stack: 0x00000088d0500000,0x00000088d0600000] [id=22348]

Stack: [0x00000088d0500000,0x00000088d0600000],  sp=0x00000088d05feda0,  free space=1019k
Native frames: (J=compiled Java code, j=interpreted, Vv=VM code, C=native code)
C  [DiscordHook64.dll+0x43c85]


siginfo: EXCEPTION_ACCESS_VIOLATION (0xc0000005), reading address 0x00007ffb2c7c84a0


Register to memory mapping:

RIP=0x00007ffafc773c85 DiscordHook64.dll
RAX=0x00007ffb2c7c8490 is an unknown value
RBX=0x00007ffafc9d1c98 DiscordHook64.dll
RCX=0x000001ee2dbd61b8 points into unknown readable memory: 90 84 7c 2c fb 7f 00 00
RDX=0x00007ffafc9dad20 DiscordHook64.dll
RSP=0x00000088d05feda0 points into unknown readable memory: 18 a8 50 2f ee 01 00 00
RBP=0x0000f41115090808 is an unknown value
RSI=0x0 is NULL
RDI=0x0000000000000001 is an unknown value
R8 =0x0000f41115090808 is an unknown value
R9 =0x0000000000000008 is an unknown value
R10=0x000001ee2f50a7e0 points into unknown readable memory: 08 3c 54 9c ed 0e 7f 00
R11=0x00000088d05fec70 points into unknown readable memory: 40 00 00 00 00 00 00 00
R12=0x000001ee2f50a8c8 points into unknown readable memory: 08 08 09 15 11 f4 00 00
R13=0x000001ee2f50a7e0 points into unknown readable memory: 08 3c 54 9c ed 0e 7f 00
R14=0x00000088d05fee70 points into unknown readable memory: 90 ee 5f d0 88 00 00 00
R15=0x0000000000000040 is an unknown value


Registers:
RAX=0x00007ffb2c7c8490, RBX=0x00007ffafc9d1c98, RCX=0x000001ee2dbd61b8, RDX=0x00007ffafc9dad20
RSP=0x00000088d05feda0, RBP=0x0000f41115090808, RSI=0x0000000000000000, RDI=0x0000000000000001
R8 =0x0000f41115090808, R9 =0x0000000000000008, R10=0x000001ee2f50a7e0, R11=0x00000088d05fec70
R12=0x000001ee2f50a8c8, R13=0x000001ee2f50a7e0, R14=0x00000088d05fee70, R15=0x0000000000000040
RIP=0x00007ffafc773c85, EFLAGS=0x0000000000010206

Top of Stack: (sp=0x00000088d05feda0)
0x00000088d05feda0:   000001ee2f50a818 0000000000000000
0x00000088d05fedb0:   fffffffffffffffe 000001ee2f50a820
0x00000088d05fedc0:   000001ee2f50a7e0 00007ffafc92e438
0x00000088d05fedd0:   000001ee2f50a810 0000000000000000
0x00000088d05fede0:   0000000000000000 0000000000000000
0x00000088d05fedf0:   0000000000000001 00007ffafc730000
0x00000088d05fee00:   00000088d0efe640 00007ffafc73d215
0x00000088d05fee10:   00000088d05fee70 00007ffafc92dfd1
0x00000088d05fee20:   00000088d05feea0 00000088d05fef40
0x00000088d05fee30:   0000000000000001 0000000000000000
0x00000088d05fee40:   00000088d05fef20 00007ffafc92e5bd
0x00000088d05fee50:   00000088d05fef20 0000000000000000
0x00000088d05fee60:   00008af5c50e99a1 00000088d05feea0
0x00000088d05fee70:   00000088d05fee90 00000088d05fef20
0x00000088d05fee80:   0000000000000000 00007ffafc92c034
0x00000088d05fee90:   00007ffafc9dad20 00007ffb481d5012 

Instructions: (pc=0x00007ffafc773c85)
0x00007ffafc773c65:   8d 5b f0 48 ff cf 48 85 c9 74 0a 48 8b 01 ff 50
0x00007ffafc773c75:   10 48 89 73 08 48 8b 0b 48 85 c9 74 09 48 8b 01
0x00007ffafc773c85:   ff 50 10 48 89 33 48 85 ff 75 d0 48 8b 5c 24 30
0x00007ffafc773c95:   48 8b 74 24 38 48 83 c4 20 5f c3 cc cc cc cc cc 


Stack slot to memory mapping:
stack at sp + 0 slots: 0x000001ee2f50a818 points into unknown readable memory: 08 08 09 15 11 f4 00 00
stack at sp + 1 slots: 0x0 is NULL
stack at sp + 2 slots: 0xfffffffffffffffe is an unknown value
stack at sp + 3 slots: 0x000001ee2f50a820 points into unknown readable memory: 08 08 09 15 11 f4 00 00
stack at sp + 4 slots: 0x000001ee2f50a7e0 points into unknown readable memory: 08 3c 54 9c ed 0e 7f 00
stack at sp + 5 slots: 0x00007ffafc92e438 DiscordHook64.dll
stack at sp + 6 slots: 0x000001ee2f50a810 points into unknown readable memory: 08 08 09 15 11 f4 00 00
stack at sp + 7 slots: 0x0 is NULL

VM_Operation (0x00000088d0efe640): Exit, mode: safepoint, requested by thread 0x000001ee247c0000


---------------  P R O C E S S  ---------------

Threads class SMR info:
_java_thread_list=0x000001ee2dbf9980, length=68, elements={
0x000001ee231dc000, 0x000001ee231dd000, 0x000001ee231fa800, 0x000001ee231fb800,
0x000001ee23a82000, 0x000001ee23a85000, 0x000001ee23a8e800, 0x000001ee23a80800,
0x000001ee23c3c800, 0x000001ee241fd000, 0x000001ee241fe000, 0x000001ee247c0000,
0x000001ee7f775000, 0x000001ee2dd7a800, 0x000001ee23aaf000, 0x000001ee2e18d000,
0x000001ee2e18e000, 0x000001ee2e18a800, 0x000001ee2e18f800, 0x000001ee2e18b800,
0x000001ee2e192000, 0x000001ee2e194800, 0x000001ee2e190800, 0x000001ee2e196000,
0x000001ee2e18c000, 0x000001ee2e193800, 0x000001ee2e195000, 0x000001ee2e197000,
0x000001ee2e199800, 0x000001ee2e198800, 0x000001ee2e197800, 0x000001ee2e191000,
0x000001ee23ab0800, 0x000001ee23ac7800, 0x000001ee23acb800, 0x000001ee23acd000,
0x000001ee23aca800, 0x000001ee23ac9000, 0x000001ee23ace000, 0x000001ee23ac9800,
0x000001ee23ac8000, 0x000001ee23ace800, 0x000001ee23acf800, 0x000001ee23acc000,
0x000001ee23ad2800, 0x000001ee23ad1000, 0x000001ee23ad5000, 0x000001ee23ad0000,
0x000001ee23ad6000, 0x000001ee23ad3800, 0x000001ee2e192800, 0x000001ee23ab0000,
0x000001ee23ab1800, 0x000001ee23ad4800, 0x000001ee2db6c800, 0x000001ee2db6b000,
0x000001ee2db70000, 0x000001ee2db6d800, 0x000001ee2db70800, 0x000001ee2db6e000,
0x000001ee2db6a000, 0x000001ee2db72800, 0x000001ee2db6f000, 0x000001ee2db71800,
0x000001ee2db74800, 0x000001ee2db6b800, 0x000001ee2db73000, 0x000001ee2db76800
}

Java Threads: ( => current thread )
  0x000001ee231dc000 JavaThread "Reference Handler" daemon [_thread_blocked, id=17328, stack(0x00000088d0600000,0x00000088d0700000)]
  0x000001ee231dd000 JavaThread "Finalizer" daemon [_thread_blocked, id=21652, stack(0x00000088d0700000,0x00000088d0800000)]
  0x000001ee231fa800 JavaThread "Signal Dispatcher" daemon [_thread_blocked, id=18996, stack(0x00000088d0800000,0x00000088d0900000)]
  0x000001ee231fb800 JavaThread "Attach Listener" daemon [_thread_blocked, id=22328, stack(0x00000088d0900000,0x00000088d0a00000)]
  0x000001ee23a82000 JavaThread "C2 CompilerThread0" daemon [_thread_blocked, id=22796, stack(0x00000088d0a00000,0x00000088d0b00000)]
  0x000001ee23a85000 JavaThread "C1 CompilerThread0" daemon [_thread_blocked, id=10128, stack(0x00000088d0b00000,0x00000088d0c00000)]
  0x000001ee23a8e800 JavaThread "Sweeper thread" daemon [_thread_blocked, id=7804, stack(0x00000088d0c00000,0x00000088d0d00000)]
  0x000001ee23a80800 JavaThread "Common-Cleaner" daemon [_thread_blocked, id=8764, stack(0x00000088d0d00000,0x00000088d0e00000)]
  0x000001ee23c3c800 JavaThread "Service Thread" daemon [_thread_blocked, id=23500, stack(0x00000088d1000000,0x00000088d1100000)]
  0x000001ee241fd000 JavaThread "Java2D Disposer" daemon [_thread_blocked, id=8088, stack(0x00000088d1200000,0x00000088d1300000)]
  0x000001ee241fe000 JavaThread "AWT-Shutdown" [_thread_blocked, id=4756, stack(0x00000088d1300000,0x00000088d1400000)]
  0x000001ee247c0000 JavaThread "AWT-EventQueue-0" [_thread_blocked, id=22956, stack(0x00000088d0e00000,0x00000088d0f00000)]
  0x000001ee7f775000 JavaThread "DestroyJavaVM" [_thread_blocked, id=12452, stack(0x00000088cff00000,0x00000088d0000000)]
  0x000001ee2dd7a800 JavaThread "Thread-0" [_thread_blocked, id=22064, stack(0x00000088d1a40000,0x00000088d1b40000)]
  0x000001ee23aaf000 JavaThread "Thread-2" [_thread_blocked, id=11336, stack(0x00000088cfd00000,0x00000088cfe00000)]
  0x000001ee2e18d000 JavaThread "Java Sound Event Dispatcher" daemon [_thread_blocked, id=8728, stack(0x00000088d2980000,0x00000088d2a80000)]
  0x000001ee2e18e000 JavaThread "Direct Clip" daemon [_thread_blocked, id=21348, stack(0x00000088d2c80000,0x00000088d2d80000)]
  0x000001ee2e18a800 JavaThread "Direct Clip" daemon [_thread_blocked, id=21896, stack(0x00000088d2f80000,0x00000088d3080000)]
  0x000001ee2e18f800 JavaThread "Direct Clip" daemon [_thread_blocked, id=10776, stack(0x00000088d3080000,0x00000088d3180000)]
  0x000001ee2e18b800 JavaThread "Direct Clip" daemon [_thread_blocked, id=16452, stack(0x00000088d3180000,0x00000088d3280000)]
  0x000001ee2e192000 JavaThread "Direct Clip" daemon [_thread_blocked, id=15308, stack(0x00000088d3280000,0x00000088d3380000)]
  0x000001ee2e194800 JavaThread "Direct Clip" daemon [_thread_blocked, id=20644, stack(0x00000088d3680000,0x00000088d3780000)]
  0x000001ee2e190800 JavaThread "Direct Clip" daemon [_thread_blocked, id=12728, stack(0x00000088d2280000,0x00000088d2380000)]
  0x000001ee2e196000 JavaThread "Direct Clip" daemon [_thread_blocked, id=20296, stack(0x00000088d3380000,0x00000088d3480000)]
  0x000001ee2e18c000 JavaThread "Direct Clip" daemon [_thread_blocked, id=9156, stack(0x00000088d3480000,0x00000088d3580000)]
  0x000001ee2e193800 JavaThread "Direct Clip" daemon [_thread_blocked, id=16588, stack(0x00000088d3780000,0x00000088d3880000)]
  0x000001ee2e195000 JavaThread "Direct Clip" daemon [_thread_blocked, id=19936, stack(0x00000088d2180000,0x00000088d2280000)]
  0x000001ee2e197000 JavaThread "Direct Clip" daemon [_thread_blocked, id=16464, stack(0x00000088d3880000,0x00000088d3980000)]
  0x000001ee2e199800 JavaThread "Direct Clip" daemon [_thread_blocked, id=19908, stack(0x00000088d3a80000,0x00000088d3b80000)]
  0x000001ee2e198800 JavaThread "Direct Clip" daemon [_thread_blocked, id=5684, stack(0x00000088d3980000,0x00000088d3a80000)]
  0x000001ee2e197800 JavaThread "Direct Clip" daemon [_thread_blocked, id=22960, stack(0x00000088d3c80000,0x00000088d3d80000)]
  0x000001ee2e191000 JavaThread "Direct Clip" daemon [_thread_blocked, id=8060, stack(0x00000088d3b80000,0x00000088d3c80000)]
  0x000001ee23ab0800 JavaThread "Direct Clip" daemon [_thread_blocked, id=10300, stack(0x00000088d3e80000,0x00000088d3f80000)]
  0x000001ee23ac7800 JavaThread "Direct Clip" daemon [_thread_blocked, id=1848, stack(0x00000088d3f80000,0x00000088d4080000)]
  0x000001ee23acb800 JavaThread "Direct Clip" daemon [_thread_blocked, id=13184, stack(0x00000088d4280000,0x00000088d4380000)]
  0x000001ee23acd000 JavaThread "Direct Clip" daemon [_thread_blocked, id=13896, stack(0x00000088d4080000,0x00000088d4180000)]
  0x000001ee23aca800 JavaThread "Direct Clip" daemon [_thread_blocked, id=13748, stack(0x00000088d4380000,0x00000088d4480000)]
  0x000001ee23ac9000 JavaThread "Direct Clip" daemon [_thread_blocked, id=12608, stack(0x00000088d4480000,0x00000088d4580000)]
  0x000001ee23ace000 JavaThread "Thread-46" [_thread_blocked, id=1352, stack(0x00000088d4180000,0x00000088d4280000)]
  0x000001ee23ac9800 JavaThread "Thread-47" [_thread_blocked, id=22912, stack(0x00000088d3d80000,0x00000088d3e80000)]
  0x000001ee23ac8000 JavaThread "TimerQueue" daemon [_thread_blocked, id=2748, stack(0x00000088d1830000,0x00000088d1930000)]
  0x000001ee23ace800 JavaThread "Thread-57" [_thread_blocked, id=3936, stack(0x00000088d2380000,0x00000088d2480000)]
  0x000001ee23acf800 JavaThread "Thread-59" [_thread_blocked, id=22552, stack(0x00000088d1b40000,0x00000088d1c40000)]
  0x000001ee23acc000 JavaThread "Direct Clip" daemon [_thread_blocked, id=16456, stack(0x00000088d2880000,0x00000088d2980000)]
  0x000001ee23ad2800 JavaThread "Direct Clip" daemon [_thread_blocked, id=3096, stack(0x00000088d4580000,0x00000088d4680000)]
  0x000001ee23ad1000 JavaThread "Direct Clip" daemon [_thread_blocked, id=12284, stack(0x00000088d4680000,0x00000088d4780000)]
  0x000001ee23ad5000 JavaThread "Direct Clip" daemon [_thread_blocked, id=13452, stack(0x00000088d4780000,0x00000088d4880000)]
  0x000001ee23ad0000 JavaThread "Direct Clip" daemon [_thread_blocked, id=16828, stack(0x00000088d4980000,0x00000088d4a80000)]
  0x000001ee23ad6000 JavaThread "Direct Clip" daemon [_thread_blocked, id=13056, stack(0x00000088d4880000,0x00000088d4980000)]
  0x000001ee23ad3800 JavaThread "Direct Clip" daemon [_thread_blocked, id=22788, stack(0x00000088d4a80000,0x00000088d4b80000)]
  0x000001ee2e192800 JavaThread "Direct Clip" daemon [_thread_blocked, id=1476, stack(0x00000088d4b80000,0x00000088d4c80000)]
  0x000001ee23ab0000 JavaThread "Direct Clip" daemon [_thread_blocked, id=1356, stack(0x00000088d4c80000,0x00000088d4d80000)]
  0x000001ee23ab1800 JavaThread "Direct Clip" daemon [_thread_blocked, id=20780, stack(0x00000088d4d80000,0x00000088d4e80000)]
  0x000001ee23ad4800 JavaThread "Direct Clip" daemon [_thread_blocked, id=10952, stack(0x00000088d4e80000,0x00000088d4f80000)]
  0x000001ee2db6c800 JavaThread "Direct Clip" daemon [_thread_blocked, id=21344, stack(0x00000088d5280000,0x00000088d5380000)]
  0x000001ee2db6b000 JavaThread "Direct Clip" daemon [_thread_blocked, id=516, stack(0x00000088d5380000,0x00000088d5480000)]
  0x000001ee2db70000 JavaThread "Direct Clip" daemon [_thread_blocked, id=7000, stack(0x00000088d4f80000,0x00000088d5080000)]
  0x000001ee2db6d800 JavaThread "Direct Clip" daemon [_thread_blocked, id=32, stack(0x00000088d5480000,0x00000088d5580000)]
  0x000001ee2db70800 JavaThread "Direct Clip" daemon [_thread_blocked, id=21744, stack(0x00000088d5680000,0x00000088d5780000)]
  0x000001ee2db6e000 JavaThread "Direct Clip" daemon [_thread_blocked, id=22612, stack(0x00000088d5080000,0x00000088d5180000)]
  0x000001ee2db6a000 JavaThread "Direct Clip" daemon [_thread_blocked, id=9932, stack(0x00000088d5180000,0x00000088d5280000)]
  0x000001ee2db72800 JavaThread "Direct Clip" daemon [_thread_blocked, id=6180, stack(0x00000088d5880000,0x00000088d5980000)]
  0x000001ee2db6f000 JavaThread "Direct Clip" daemon [_thread_blocked, id=15048, stack(0x00000088d5980000,0x00000088d5a80000)]
  0x000001ee2db71800 JavaThread "Direct Clip" daemon [_thread_blocked, id=19296, stack(0x00000088d5580000,0x00000088d5680000)]
  0x000001ee2db74800 JavaThread "Direct Clip" daemon [_thread_blocked, id=21856, stack(0x00000088d5780000,0x00000088d5880000)]
  0x000001ee2db6b800 JavaThread "Direct Clip" daemon [_thread_blocked, id=12548, stack(0x00000088d5a80000,0x00000088d5b80000)]
  0x000001ee2db73000 JavaThread "Direct Clip" daemon [_thread_blocked, id=2184, stack(0x00000088d5b80000,0x00000088d5c80000)]
  0x000001ee2db76800 JavaThread "Image Fetcher 0" daemon [_thread_blocked, id=1760, stack(0x00000088d5d80000,0x00000088d5e80000)]

Other Threads:
=>0x000001ee231da800 VMThread "VM Thread" [stack: 0x00000088d0500000,0x00000088d0600000] [id=22348]
  0x000001ee7f7db800 GCTaskThread "GC Thread#0" [stack: 0x00000088d0000000,0x00000088d0100000] [id=11660]
  0x000001ee2d82e800 GCTaskThread "GC Thread#1" [stack: 0x00000088d1c40000,0x00000088d1d40000] [id=16236]
  0x000001ee2d82f800 GCTaskThread "GC Thread#2" [stack: 0x00000088d1d40000,0x00000088d1e40000] [id=1932]
  0x000001ee2d82d000 GCTaskThread "GC Thread#3" [stack: 0x00000088d1e40000,0x00000088d1f40000] [id=224]
  0x000001ee2d82d800 GCTaskThread "GC Thread#4" [stack: 0x00000088d1f40000,0x00000088d2040000] [id=5536]
  0x000001ee2d82f000 GCTaskThread "GC Thread#5" [stack: 0x00000088d2040000,0x00000088d2140000] [id=16796]
  0x000001ee2d830800 GCTaskThread "GC Thread#6" [stack: 0x00000088cfb00000,0x00000088cfc00000] [id=16172]
  0x000001ee2d82c000 GCTaskThread "GC Thread#7" [stack: 0x00000088cfc00000,0x00000088cfd00000] [id=18068]
  0x000001ee7f7f5800 ConcurrentGCThread "G1 Main Marker" [stack: 0x00000088d0100000,0x00000088d0200000] [id=15424]
  0x000001ee7f7f8800 ConcurrentGCThread "G1 Conc#0" [stack: 0x00000088d0200000,0x00000088d0300000] [id=22504]
  0x000001ee2d82a800 ConcurrentGCThread "G1 Conc#1" [stack: 0x00000088d3580000,0x00000088d3680000] [id=13744]
  0x000001ee230d8800 ConcurrentGCThread "G1 Refine#0" [stack: 0x00000088d0300000,0x00000088d0400000] [id=19852]
  0x000001ee230d9800 ConcurrentGCThread "G1 Young RemSet Sampling" [stack: 0x00000088d0400000,0x00000088d0500000] [id=7556]

Threads with active compile tasks:

VM state:at safepoint (shutting down)

VM Mutex/Monitor currently owned by a thread:  ([mutex/lock_event])
[0x000001ee7f771210] Threads_lock - owner thread: 0x000001ee231da800

Heap address: 0x0000000701000000, size: 4080 MB, Compressed Oops mode: Zero based, Oop shift amount: 3
Narrow klass base: 0x0000000800000000, Narrow klass shift: 3
Compressed class space size: 1073741824 Address: 0x00000008011a0000

Heap:
 garbage-first heap   total 347136K, used 207708K [0x0000000701000000, 0x0000000800000000)
  region size 1024K, 11 young (11264K), 7 survivors (7168K)
 Metaspace       used 14016K, capacity 14450K, committed 14720K, reserved 1062912K
  class space    used 1456K, capacity 1637K, committed 1664K, reserved 1048576K
Heap Regions: E=young(eden), S=young(survivor), O=old, HS=humongous(starts), HC=humongous(continues), CS=collection set, F=free, A=archive, TAMS=top-at-mark-start (previous, next)
|   0|0x0000000701000000, 0x0000000701100000, 0x0000000701100000|100%|HS|  |TAMS 0x0000000701100000, 0x0000000701000000| Complete 
|   1|0x0000000701100000, 0x0000000701200000, 0x0000000701200000|100%|HC|  |TAMS 0x0000000701200000, 0x0000000701100000| Complete 
|   2|0x0000000701200000, 0x0000000701300000, 0x0000000701300000|100%|HC|  |TAMS 0x0000000701300000, 0x0000000701200000| Complete 
|   3|0x0000000701300000, 0x0000000701400000, 0x0000000701400000|100%|HC|  |TAMS 0x0000000701400000, 0x0000000701300000| Complete 
|   4|0x0000000701400000, 0x0000000701500000, 0x0000000701500000|100%|HC|  |TAMS 0x0000000701500000, 0x0000000701400000| Complete 
|   5|0x0000000701500000, 0x0000000701600000, 0x0000000701600000|100%|HC|  |TAMS 0x0000000701600000, 0x0000000701500000| Complete 
|   6|0x0000000701600000, 0x0000000701700000, 0x0000000701700000|100%|HC|  |TAMS 0x0000000701700000, 0x0000000701600000| Complete 
|   7|0x0000000701700000, 0x0000000701800000, 0x0000000701800000|100%|HC|  |TAMS 0x0000000701800000, 0x0000000701700000| Complete 
|   8|0x0000000701800000, 0x0000000701900000, 0x0000000701900000|100%|HS|  |TAMS 0x0000000701900000, 0x0000000701800000| Complete 
|   9|0x0000000701900000, 0x0000000701a00000, 0x0000000701a00000|100%|HC|  |TAMS 0x0000000701a00000, 0x0000000701900000| Complete 
|  10|0x0000000701a00000, 0x0000000701b00000, 0x0000000701b00000|100%|HS|  |TAMS 0x0000000701b00000, 0x0000000701a00000| Complete 
|  11|0x0000000701b00000, 0x0000000701c00000, 0x0000000701c00000|100%|HC|  |TAMS 0x0000000701c00000, 0x0000000701b00000| Complete 
|  12|0x0000000701c00000, 0x0000000701d00000, 0x0000000701d00000|100%|HS|  |TAMS 0x0000000701d00000, 0x0000000701c00000| Complete 
|  13|0x0000000701d00000, 0x0000000701e00000, 0x0000000701e00000|100%|HC|  |TAMS 0x0000000701e00000, 0x0000000701d00000| Complete 
|  14|0x0000000701e00000, 0x0000000701f00000, 0x0000000701f00000|100%|HS|  |TAMS 0x0000000701f00000, 0x0000000701e00000| Complete 
|  15|0x0000000701f00000, 0x0000000702000000, 0x0000000702000000|100%|HC|  |TAMS 0x0000000702000000, 0x0000000701f00000| Complete 
|  16|0x0000000702000000, 0x0000000702100000, 0x0000000702100000|100%|HS|  |TAMS 0x0000000702100000, 0x0000000702000000| Complete 
|  17|0x0000000702100000, 0x0000000702200000, 0x0000000702200000|100%|HC|  |TAMS 0x0000000702200000, 0x0000000702100000| Complete 
|  18|0x0000000702200000, 0x0000000702300000, 0x0000000702300000|100%|HC|  |TAMS 0x0000000702300000, 0x0000000702200000| Complete 
|  19|0x0000000702300000, 0x0000000702400000, 0x0000000702400000|100%|HC|  |TAMS 0x0000000702400000, 0x0000000702300000| Complete 
|  20|0x0000000702400000, 0x0000000702500000, 0x0000000702500000|100%|HC|  |TAMS 0x0000000702500000, 0x0000000702400000| Complete 
|  21|0x0000000702500000, 0x0000000702600000, 0x0000000702600000|100%|HC|  |TAMS 0x0000000702600000, 0x0000000702500000| Complete 
|  22|0x0000000702600000, 0x0000000702700000, 0x0000000702700000|100%|HC|  |TAMS 0x0000000702700000, 0x0000000702600000| Complete 
|  23|0x0000000702700000, 0x0000000702800000, 0x0000000702800000|100%|HC|  |TAMS 0x0000000702800000, 0x0000000702700000| Complete 
|  24|0x0000000702800000, 0x0000000702900000, 0x0000000702900000|100%|HC|  |TAMS 0x0000000702900000, 0x0000000702800000| Complete 
|  25|0x0000000702900000, 0x0000000702a00000, 0x0000000702a00000|100%|HC|  |TAMS 0x0000000702a00000, 0x0000000702900000| Complete 
|  26|0x0000000702a00000, 0x0000000702b00000, 0x0000000702b00000|100%|HC|  |TAMS 0x0000000702b00000, 0x0000000702a00000| Complete 
|  27|0x0000000702b00000, 0x0000000702c00000, 0x0000000702c00000|100%|HC|  |TAMS 0x0000000702c00000, 0x0000000702b00000| Complete 
|  28|0x0000000702c00000, 0x0000000702d00000, 0x0000000702d00000|100%|HC|  |TAMS 0x0000000702d00000, 0x0000000702c00000| Complete 
|  29|0x0000000702d00000, 0x0000000702e00000, 0x0000000702e00000|100%|HC|  |TAMS 0x0000000702e00000, 0x0000000702d00000| Complete 
|  30|0x0000000702e00000, 0x0000000702f00000, 0x0000000702f00000|100%|HC|  |TAMS 0x0000000702f00000, 0x0000000702e00000| Complete 
|  31|0x0000000702f00000, 0x0000000703000000, 0x0000000703000000|100%|HC|  |TAMS 0x0000000703000000, 0x0000000702f00000| Complete 
|  32|0x0000000703000000, 0x0000000703100000, 0x0000000703100000|100%|HC|  |TAMS 0x0000000703100000, 0x0000000703000000| Complete 
|  33|0x0000000703100000, 0x0000000703200000, 0x0000000703200000|100%|HC|  |TAMS 0x0000000703200000, 0x0000000703100000| Complete 
|  34|0x0000000703200000, 0x0000000703300000, 0x0000000703300000|100%|HC|  |TAMS 0x0000000703300000, 0x0000000703200000| Complete 
|  35|0x0000000703300000, 0x0000000703400000, 0x0000000703400000|100%|HC|  |TAMS 0x0000000703400000, 0x0000000703300000| Complete 
|  36|0x0000000703400000, 0x0000000703500000, 0x0000000703500000|100%|HC|  |TAMS 0x0000000703500000, 0x0000000703400000| Complete 
|  37|0x0000000703500000, 0x0000000703600000, 0x0000000703600000|100%|HC|  |TAMS 0x0000000703600000, 0x0000000703500000| Complete 
|  38|0x0000000703600000, 0x0000000703700000, 0x0000000703700000|100%|HC|  |TAMS 0x0000000703700000, 0x0000000703600000| Complete 
|  39|0x0000000703700000, 0x0000000703800000, 0x0000000703800000|100%|HC|  |TAMS 0x0000000703800000, 0x0000000703700000| Complete 
|  40|0x0000000703800000, 0x0000000703900000, 0x0000000703900000|100%|HC|  |TAMS 0x0000000703900000, 0x0000000703800000| Complete 
|  41|0x0000000703900000, 0x0000000703a00000, 0x0000000703a00000|100%|HC|  |TAMS 0x0000000703a00000, 0x0000000703900000| Complete 
|  42|0x0000000703a00000, 0x0000000703b00000, 0x0000000703b00000|100%|HC|  |TAMS 0x0000000703b00000, 0x0000000703a00000| Complete 
|  43|0x0000000703b00000, 0x0000000703c00000, 0x0000000703c00000|100%|HC|  |TAMS 0x0000000703c00000, 0x0000000703b00000| Complete 
|  44|0x0000000703c00000, 0x0000000703d00000, 0x0000000703d00000|100%|HC|  |TAMS 0x0000000703d00000, 0x0000000703c00000| Complete 
|  45|0x0000000703d00000, 0x0000000703e00000, 0x0000000703e00000|100%|HC|  |TAMS 0x0000000703e00000, 0x0000000703d00000| Complete 
|  46|0x0000000703e00000, 0x0000000703f00000, 0x0000000703f00000|100%|HC|  |TAMS 0x0000000703f00000, 0x0000000703e00000| Complete 
|  47|0x0000000703f00000, 0x0000000704000000, 0x0000000704000000|100%|HC|  |TAMS 0x0000000704000000, 0x0000000703f00000| Complete 
|  48|0x0000000704000000, 0x0000000704100000, 0x0000000704100000|100%|HC|  |TAMS 0x0000000704100000, 0x0000000704000000| Complete 
|  49|0x0000000704100000, 0x0000000704200000, 0x0000000704200000|100%|HC|  |TAMS 0x0000000704200000, 0x0000000704100000| Complete 
|  50|0x0000000704200000, 0x0000000704300000, 0x0000000704300000|100%|HC|  |TAMS 0x0000000704300000, 0x0000000704200000| Complete 
|  51|0x0000000704300000, 0x0000000704400000, 0x0000000704400000|100%|HC|  |TAMS 0x0000000704400000, 0x0000000704300000| Complete 
|  52|0x0000000704400000, 0x0000000704500000, 0x0000000704500000|100%|HC|  |TAMS 0x0000000704500000, 0x0000000704400000| Complete 
|  53|0x0000000704500000, 0x0000000704600000, 0x0000000704600000|100%|HC|  |TAMS 0x0000000704600000, 0x0000000704500000| Complete 
|  54|0x0000000704600000, 0x0000000704700000, 0x0000000704700000|100%|HC|  |TAMS 0x0000000704700000, 0x0000000704600000| Complete 
|  55|0x0000000704700000, 0x0000000704800000, 0x0000000704800000|100%|HC|  |TAMS 0x0000000704800000, 0x0000000704700000| Complete 
|  56|0x0000000704800000, 0x0000000704900000, 0x0000000704900000|100%|HC|  |TAMS 0x0000000704900000, 0x0000000704800000| Complete 
|  57|0x0000000704900000, 0x0000000704a00000, 0x0000000704a00000|100%|HC|  |TAMS 0x0000000704a00000, 0x0000000704900000| Complete 
|  58|0x0000000704a00000, 0x0000000704b00000, 0x0000000704b00000|100%|HC|  |TAMS 0x0000000704b00000, 0x0000000704a00000| Complete 
|  59|0x0000000704b00000, 0x0000000704c00000, 0x0000000704c00000|100%|HC|  |TAMS 0x0000000704c00000, 0x0000000704b00000| Complete 
|  60|0x0000000704c00000, 0x0000000704d00000, 0x0000000704d00000|100%|HC|  |TAMS 0x0000000704d00000, 0x0000000704c00000| Complete 
|  61|0x0000000704d00000, 0x0000000704e00000, 0x0000000704e00000|100%|HC|  |TAMS 0x0000000704e00000, 0x0000000704d00000| Complete 
|  62|0x0000000704e00000, 0x0000000704f00000, 0x0000000704f00000|100%|HC|  |TAMS 0x0000000704f00000, 0x0000000704e00000| Complete 
|  63|0x0000000704f00000, 0x0000000705000000, 0x0000000705000000|100%|HC|  |TAMS 0x0000000705000000, 0x0000000704f00000| Complete 
|  64|0x0000000705000000, 0x0000000705100000, 0x0000000705100000|100%|HS|  |TAMS 0x0000000705100000, 0x0000000705000000| Complete 
|  65|0x0000000705100000, 0x0000000705200000, 0x0000000705200000|100%|HC|  |TAMS 0x0000000705200000, 0x0000000705100000| Complete 
|  66|0x0000000705200000, 0x0000000705300000, 0x0000000705300000|100%|HC|  |TAMS 0x0000000705300000, 0x0000000705200000| Complete 
|  67|0x0000000705300000, 0x0000000705400000, 0x0000000705400000|100%|HC|  |TAMS 0x0000000705400000, 0x0000000705300000| Complete 
|  68|0x0000000705400000, 0x0000000705500000, 0x0000000705500000|100%|HS|  |TAMS 0x0000000705500000, 0x0000000705400000| Complete 
|  69|0x0000000705500000, 0x0000000705600000, 0x0000000705600000|100%|HC|  |TAMS 0x0000000705600000, 0x0000000705500000| Complete 
|  70|0x0000000705600000, 0x0000000705700000, 0x0000000705700000|100%|HS|  |TAMS 0x0000000705700000, 0x0000000705600000| Complete 
|  71|0x0000000705700000, 0x0000000705800000, 0x0000000705800000|100%|HC|  |TAMS 0x0000000705800000, 0x0000000705700000| Complete 
|  72|0x0000000705800000, 0x0000000705900000, 0x0000000705900000|100%|HS|  |TAMS 0x0000000705900000, 0x0000000705800000| Complete 
|  73|0x0000000705900000, 0x0000000705a00000, 0x0000000705a00000|100%|HC|  |TAMS 0x0000000705a00000, 0x0000000705900000| Complete 
|  74|0x0000000705a00000, 0x0000000705b00000, 0x0000000705b00000|100%|HS|  |TAMS 0x0000000705b00000, 0x0000000705a00000| Complete 
|  75|0x0000000705b00000, 0x0000000705c00000, 0x0000000705c00000|100%|HC|  |TAMS 0x0000000705c00000, 0x0000000705b00000| Complete 
|  76|0x0000000705c00000, 0x0000000705d00000, 0x0000000705d00000|100%|HS|  |TAMS 0x0000000705d00000, 0x0000000705c00000| Complete 
|  77|0x0000000705d00000, 0x0000000705e00000, 0x0000000705e00000|100%|HC|  |TAMS 0x0000000705e00000, 0x0000000705d00000| Complete 
|  78|0x0000000705e00000, 0x0000000705f00000, 0x0000000705f00000|100%|HS|  |TAMS 0x0000000705f00000, 0x0000000705e00000| Complete 
|  79|0x0000000705f00000, 0x0000000706000000, 0x0000000706000000|100%|HC|  |TAMS 0x0000000706000000, 0x0000000705f00000| Complete 
|  80|0x0000000706000000, 0x0000000706100000, 0x0000000706100000|100%|HC|  |TAMS 0x0000000706100000, 0x0000000706000000| Complete 
|  81|0x0000000706100000, 0x0000000706200000, 0x0000000706200000|100%|HC|  |TAMS 0x0000000706200000, 0x0000000706100000| Complete 
|  82|0x0000000706200000, 0x0000000706300000, 0x0000000706300000|100%|HC|  |TAMS 0x0000000706300000, 0x0000000706200000| Complete 
|  83|0x0000000706300000, 0x0000000706400000, 0x0000000706400000|100%|HC|  |TAMS 0x0000000706400000, 0x0000000706300000| Complete 
|  84|0x0000000706400000, 0x0000000706500000, 0x0000000706500000|100%|HC|  |TAMS 0x0000000706500000, 0x0000000706400000| Complete 
|  85|0x0000000706500000, 0x0000000706600000, 0x0000000706600000|100%|HC|  |TAMS 0x0000000706600000, 0x0000000706500000| Complete 
|  86|0x0000000706600000, 0x0000000706700000, 0x0000000706700000|100%|HC|  |TAMS 0x0000000706700000, 0x0000000706600000| Complete 
|  87|0x0000000706700000, 0x0000000706800000, 0x0000000706800000|100%|HC|  |TAMS 0x0000000706800000, 0x0000000706700000| Complete 
|  88|0x0000000706800000, 0x0000000706900000, 0x0000000706900000|100%|HC|  |TAMS 0x0000000706900000, 0x0000000706800000| Complete 
|  89|0x0000000706900000, 0x0000000706a00000, 0x0000000706a00000|100%|HC|  |TAMS 0x0000000706a00000, 0x0000000706900000| Complete 
|  90|0x0000000706a00000, 0x0000000706b00000, 0x0000000706b00000|100%|HC|  |TAMS 0x0000000706b00000, 0x0000000706a00000| Complete 
|  91|0x0000000706b00000, 0x0000000706c00000, 0x0000000706c00000|100%|HC|  |TAMS 0x0000000706c00000, 0x0000000706b00000| Complete 
|  92|0x0000000706c00000, 0x0000000706d00000, 0x0000000706d00000|100%|HC|  |TAMS 0x0000000706d00000, 0x0000000706c00000| Complete 
|  93|0x0000000706d00000, 0x0000000706e00000, 0x0000000706e00000|100%|HC|  |TAMS 0x0000000706e00000, 0x0000000706d00000| Complete 
|  94|0x0000000706e00000, 0x0000000706f00000, 0x0000000706f00000|100%|HC|  |TAMS 0x0000000706f00000, 0x0000000706e00000| Complete 
|  95|0x0000000706f00000, 0x0000000707000000, 0x0000000707000000|100%|HC|  |TAMS 0x0000000707000000, 0x0000000706f00000| Complete 
|  96|0x0000000707000000, 0x0000000707100000, 0x0000000707100000|100%|HC|  |TAMS 0x0000000707100000, 0x0000000707000000| Complete 
|  97|0x0000000707100000, 0x0000000707200000, 0x0000000707200000|100%|HC|  |TAMS 0x0000000707200000, 0x0000000707100000| Complete 
|  98|0x0000000707200000, 0x0000000707300000, 0x0000000707300000|100%|HC|  |TAMS 0x0000000707300000, 0x0000000707200000| Complete 
|  99|0x0000000707300000, 0x0000000707400000, 0x0000000707400000|100%|HC|  |TAMS 0x0000000707400000, 0x0000000707300000| Complete 
| 100|0x0000000707400000, 0x0000000707500000, 0x0000000707500000|100%|HC|  |TAMS 0x0000000707500000, 0x0000000707400000| Complete 
| 101|0x0000000707500000, 0x0000000707600000, 0x0000000707600000|100%|HC|  |TAMS 0x0000000707600000, 0x0000000707500000| Complete 
| 102|0x0000000707600000, 0x0000000707700000, 0x0000000707700000|100%|HC|  |TAMS 0x0000000707700000, 0x0000000707600000| Complete 
| 103|0x0000000707700000, 0x0000000707800000, 0x0000000707800000|100%|HC|  |TAMS 0x0000000707800000, 0x0000000707700000| Complete 
| 104|0x0000000707800000, 0x0000000707900000, 0x0000000707900000|100%|HC|  |TAMS 0x0000000707900000, 0x0000000707800000| Complete 
| 105|0x0000000707900000, 0x0000000707a00000, 0x0000000707a00000|100%|HC|  |TAMS 0x0000000707a00000, 0x0000000707900000| Complete 
| 106|0x0000000707a00000, 0x0000000707b00000, 0x0000000707b00000|100%|HC|  |TAMS 0x0000000707b00000, 0x0000000707a00000| Complete 
| 107|0x0000000707b00000, 0x0000000707c00000, 0x0000000707c00000|100%|HC|  |TAMS 0x0000000707c00000, 0x0000000707b00000| Complete 
| 108|0x0000000707c00000, 0x0000000707d00000, 0x0000000707d00000|100%|HC|  |TAMS 0x0000000707d00000, 0x0000000707c00000| Complete 
| 109|0x0000000707d00000, 0x0000000707e00000, 0x0000000707e00000|100%|HC|  |TAMS 0x0000000707e00000, 0x0000000707d00000| Complete 
| 110|0x0000000707e00000, 0x0000000707f00000, 0x0000000707f00000|100%|HC|  |TAMS 0x0000000707f00000, 0x0000000707e00000| Complete 
| 111|0x0000000707f00000, 0x0000000708000000, 0x0000000708000000|100%|HC|  |TAMS 0x0000000708000000, 0x0000000707f00000| Complete 
| 112|0x0000000708000000, 0x0000000708100000, 0x0000000708100000|100%|HC|  |TAMS 0x0000000708100000, 0x0000000708000000| Complete 
| 113|0x0000000708100000, 0x0000000708200000, 0x0000000708200000|100%|HC|  |TAMS 0x0000000708200000, 0x0000000708100000| Complete 
| 114|0x0000000708200000, 0x0000000708300000, 0x0000000708300000|100%|HC|  |TAMS 0x0000000708300000, 0x0000000708200000| Complete 
| 115|0x0000000708300000, 0x0000000708400000, 0x0000000708400000|100%|HC|  |TAMS 0x0000000708400000, 0x0000000708300000| Complete 
| 116|0x0000000708400000, 0x0000000708500000, 0x0000000708500000|100%|HC|  |TAMS 0x0000000708500000, 0x0000000708400000| Complete 
| 117|0x0000000708500000, 0x0000000708600000, 0x0000000708600000|100%|HS|  |TAMS 0x0000000708600000, 0x0000000708500000| Complete 
| 118|0x0000000708600000, 0x0000000708700000, 0x0000000708700000|100%|HC|  |TAMS 0x0000000708700000, 0x0000000708600000| Complete 
| 119|0x0000000708700000, 0x0000000708800000, 0x0000000708800000|100%| O|  |TAMS 0x0000000708800000, 0x0000000708700000| Untracked 
| 120|0x0000000708800000, 0x0000000708900000, 0x0000000708900000|100%| O|  |TAMS 0x0000000708900000, 0x0000000708800000| Untracked 
| 121|0x0000000708900000, 0x0000000708a00000, 0x0000000708a00000|100%| O|  |TAMS 0x0000000708a00000, 0x0000000708900000| Untracked 
| 122|0x0000000708a00000, 0x0000000708b00000, 0x0000000708b00000|100%| O|  |TAMS 0x0000000708b00000, 0x0000000708a00000| Untracked 
| 123|0x0000000708b00000, 0x0000000708c00000, 0x0000000708c00000|100%| O|  |TAMS 0x0000000708c00000, 0x0000000708b00000| Untracked 
| 124|0x0000000708c00000, 0x0000000708d00000, 0x0000000708d00000|100%| O|  |TAMS 0x0000000708d00000, 0x0000000708c00000| Untracked 
| 125|0x0000000708d00000, 0x0000000708e00000, 0x0000000708e00000|100%| O|  |TAMS 0x0000000708e00000, 0x0000000708d00000| Untracked 
| 126|0x0000000708e00000, 0x0000000708f00000, 0x0000000708f00000|100%|HS|  |TAMS 0x0000000708f00000, 0x0000000708e00000| Complete 
| 127|0x0000000708f00000, 0x0000000709000000, 0x0000000709000000|100%| O|  |TAMS 0x0000000709000000, 0x0000000708f00000| Untracked 
| 128|0x0000000709000000, 0x0000000709100000, 0x0000000709100000|100%| O|  |TAMS 0x0000000709100000, 0x0000000709000000| Untracked 
| 129|0x0000000709100000, 0x0000000709200000, 0x0000000709200000|100%| O|  |TAMS 0x0000000709200000, 0x0000000709100000| Untracked 
| 130|0x0000000709200000, 0x0000000709300000, 0x0000000709300000|100%| O|  |TAMS 0x0000000709300000, 0x0000000709200000| Untracked 
| 131|0x0000000709300000, 0x000000070935a000, 0x0000000709400000| 35%| O|  |TAMS 0x000000070935a000, 0x0000000709300000| Untracked 
| 132|0x0000000709400000, 0x0000000709500000, 0x0000000709500000|100%|HS|  |TAMS 0x0000000709500000, 0x0000000709400000| Complete 
| 133|0x0000000709500000, 0x0000000709600000, 0x0000000709600000|100%|HC|  |TAMS 0x0000000709600000, 0x0000000709500000| Complete 
| 134|0x0000000709600000, 0x0000000709700000, 0x0000000709700000|100%|HS|  |TAMS 0x0000000709700000, 0x0000000709600000| Complete 
| 135|0x0000000709700000, 0x0000000709800000, 0x0000000709800000|100%|HC|  |TAMS 0x0000000709800000, 0x0000000709700000| Complete 
| 136|0x0000000709800000, 0x0000000709900000, 0x0000000709900000|100%|HC|  |TAMS 0x0000000709900000, 0x0000000709800000| Complete 
| 137|0x0000000709900000, 0x0000000709a00000, 0x0000000709a00000|100%|HC|  |TAMS 0x0000000709a00000, 0x0000000709900000| Complete 
| 138|0x0000000709a00000, 0x0000000709b00000, 0x0000000709b00000|100%|HS|  |TAMS 0x0000000709b00000, 0x0000000709a00000| Complete 
| 139|0x0000000709b00000, 0x0000000709c00000, 0x0000000709c00000|100%|HC|  |TAMS 0x0000000709c00000, 0x0000000709b00000| Complete 
| 140|0x0000000709c00000, 0x0000000709d00000, 0x0000000709d00000|100%|HC|  |TAMS 0x0000000709d00000, 0x0000000709c00000| Complete 
| 141|0x0000000709d00000, 0x0000000709e00000, 0x0000000709e00000|100%|HS|  |TAMS 0x0000000709e00000, 0x0000000709d00000| Complete 
| 142|0x0000000709e00000, 0x0000000709f00000, 0x0000000709f00000|100%|HC|  |TAMS 0x0000000709f00000, 0x0000000709e00000| Complete 
| 143|0x0000000709f00000, 0x000000070a000000, 0x000000070a000000|100%|HS|  |TAMS 0x000000070a000000, 0x0000000709f00000| Complete 
| 144|0x000000070a000000, 0x000000070a100000, 0x000000070a100000|100%|HC|  |TAMS 0x000000070a100000, 0x000000070a000000| Complete 
| 145|0x000000070a100000, 0x000000070a200000, 0x000000070a200000|100%|HC|  |TAMS 0x000000070a200000, 0x000000070a100000| Complete 
| 146|0x000000070a200000, 0x000000070a300000, 0x000000070a300000|100%|HC|  |TAMS 0x000000070a300000, 0x000000070a200000| Complete 
| 147|0x000000070a300000, 0x000000070a400000, 0x000000070a400000|100%|HC|  |TAMS 0x000000070a400000, 0x000000070a300000| Complete 
| 148|0x000000070a400000, 0x000000070a500000, 0x000000070a500000|100%|HC|  |TAMS 0x000000070a500000, 0x000000070a400000| Complete 
| 149|0x000000070a500000, 0x000000070a600000, 0x000000070a600000|100%|HC|  |TAMS 0x000000070a600000, 0x000000070a500000| Complete 
| 150|0x000000070a600000, 0x000000070a700000, 0x000000070a700000|100%|HC|  |TAMS 0x000000070a700000, 0x000000070a600000| Complete 
| 151|0x000000070a700000, 0x000000070a800000, 0x000000070a800000|100%|HC|  |TAMS 0x000000070a800000, 0x000000070a700000| Complete 
| 152|0x000000070a800000, 0x000000070a900000, 0x000000070a900000|100%|HC|  |TAMS 0x000000070a900000, 0x000000070a800000| Complete 
| 153|0x000000070a900000, 0x000000070aa00000, 0x000000070aa00000|100%|HC|  |TAMS 0x000000070aa00000, 0x000000070a900000| Complete 
| 154|0x000000070aa00000, 0x000000070ab00000, 0x000000070ab00000|100%|HC|  |TAMS 0x000000070ab00000, 0x000000070aa00000| Complete 
| 155|0x000000070ab00000, 0x000000070ac00000, 0x000000070ac00000|100%|HC|  |TAMS 0x000000070ac00000, 0x000000070ab00000| Complete 
| 156|0x000000070ac00000, 0x000000070ad00000, 0x000000070ad00000|100%|HC|  |TAMS 0x000000070ad00000, 0x000000070ac00000| Complete 
| 157|0x000000070ad00000, 0x000000070ae00000, 0x000000070ae00000|100%|HC|  |TAMS 0x000000070ae00000, 0x000000070ad00000| Complete 
| 158|0x000000070ae00000, 0x000000070af00000, 0x000000070af00000|100%|HC|  |TAMS 0x000000070af00000, 0x000000070ae00000| Complete 
| 159|0x000000070af00000, 0x000000070b000000, 0x000000070b000000|100%|HC|  |TAMS 0x000000070b000000, 0x000000070af00000| Complete 
| 160|0x000000070b000000, 0x000000070b100000, 0x000000070b100000|100%|HC|  |TAMS 0x000000070b100000, 0x000000070b000000| Complete 
| 161|0x000000070b100000, 0x000000070b200000, 0x000000070b200000|100%|HC|  |TAMS 0x000000070b200000, 0x000000070b100000| Complete 
| 162|0x000000070b200000, 0x000000070b300000, 0x000000070b300000|100%|HC|  |TAMS 0x000000070b300000, 0x000000070b200000| Complete 
| 163|0x000000070b300000, 0x000000070b400000, 0x000000070b400000|100%|HC|  |TAMS 0x000000070b400000, 0x000000070b300000| Complete 
| 164|0x000000070b400000, 0x000000070b500000, 0x000000070b500000|100%|HC|  |TAMS 0x000000070b500000, 0x000000070b400000| Complete 
| 165|0x000000070b500000, 0x000000070b600000, 0x000000070b600000|100%|HC|  |TAMS 0x000000070b600000, 0x000000070b500000| Complete 
| 166|0x000000070b600000, 0x000000070b700000, 0x000000070b700000|100%|HC|  |TAMS 0x000000070b700000, 0x000000070b600000| Complete 
| 167|0x000000070b700000, 0x000000070b800000, 0x000000070b800000|100%|HC|  |TAMS 0x000000070b800000, 0x000000070b700000| Complete 
| 168|0x000000070b800000, 0x000000070b900000, 0x000000070b900000|100%|HC|  |TAMS 0x000000070b900000, 0x000000070b800000| Complete 
| 169|0x000000070b900000, 0x000000070ba00000, 0x000000070ba00000|100%|HC|  |TAMS 0x000000070ba00000, 0x000000070b900000| Complete 
| 170|0x000000070ba00000, 0x000000070bb00000, 0x000000070bb00000|100%|HC|  |TAMS 0x000000070bb00000, 0x000000070ba00000| Complete 
| 171|0x000000070bb00000, 0x000000070bc00000, 0x000000070bc00000|100%|HC|  |TAMS 0x000000070bc00000, 0x000000070bb00000| Complete 
| 172|0x000000070bc00000, 0x000000070bd00000, 0x000000070bd00000|100%|HC|  |TAMS 0x000000070bd00000, 0x000000070bc00000| Complete 
| 173|0x000000070bd00000, 0x000000070be00000, 0x000000070be00000|100%|HC|  |TAMS 0x000000070be00000, 0x000000070bd00000| Complete 
| 174|0x000000070be00000, 0x000000070bf00000, 0x000000070bf00000|100%|HC|  |TAMS 0x000000070bf00000, 0x000000070be00000| Complete 
| 175|0x000000070bf00000, 0x000000070c000000, 0x000000070c000000|100%|HC|  |TAMS 0x000000070c000000, 0x000000070bf00000| Complete 
| 176|0x000000070c000000, 0x000000070c100000, 0x000000070c100000|100%|HC|  |TAMS 0x000000070c100000, 0x000000070c000000| Complete 
| 177|0x000000070c100000, 0x000000070c200000, 0x000000070c200000|100%|HC|  |TAMS 0x000000070c200000, 0x000000070c100000| Complete 
| 178|0x000000070c200000, 0x000000070c300000, 0x000000070c300000|100%|HC|  |TAMS 0x000000070c300000, 0x000000070c200000| Complete 
| 179|0x000000070c300000, 0x000000070c400000, 0x000000070c400000|100%|HC|  |TAMS 0x000000070c400000, 0x000000070c300000| Complete 
| 180|0x000000070c400000, 0x000000070c500000, 0x000000070c500000|100%|HC|  |TAMS 0x000000070c500000, 0x000000070c400000| Complete 
| 181|0x000000070c500000, 0x000000070c600000, 0x000000070c600000|100%|HC|  |TAMS 0x000000070c600000, 0x000000070c500000| Complete 
| 182|0x000000070c600000, 0x000000070c700000, 0x000000070c700000|100%|HC|  |TAMS 0x000000070c700000, 0x000000070c600000| Complete 
| 183|0x000000070c700000, 0x000000070c800000, 0x000000070c800000|100%|HC|  |TAMS 0x000000070c800000, 0x000000070c700000| Complete 
| 184|0x000000070c800000, 0x000000070c900000, 0x000000070c900000|100%|HC|  |TAMS 0x000000070c900000, 0x000000070c800000| Complete 
| 185|0x000000070c900000, 0x000000070ca00000, 0x000000070ca00000|100%|HC|  |TAMS 0x000000070ca00000, 0x000000070c900000| Complete 
| 186|0x000000070ca00000, 0x000000070cb00000, 0x000000070cb00000|100%|HC|  |TAMS 0x000000070cb00000, 0x000000070ca00000| Complete 
| 187|0x000000070cb00000, 0x000000070cc00000, 0x000000070cc00000|100%|HC|  |TAMS 0x000000070cc00000, 0x000000070cb00000| Complete 
| 188|0x000000070cc00000, 0x000000070cd00000, 0x000000070cd00000|100%|HC|  |TAMS 0x000000070cd00000, 0x000000070cc00000| Complete 
| 189|0x000000070cd00000, 0x000000070ce00000, 0x000000070ce00000|100%|HC|  |TAMS 0x000000070ce00000, 0x000000070cd00000| Complete 
| 190|0x000000070ce00000, 0x000000070cf00000, 0x000000070cf00000|100%|HC|  |TAMS 0x000000070cf00000, 0x000000070ce00000| Complete 
| 191|0x000000070cf00000, 0x000000070d000000, 0x000000070d000000|100%|HS|  |TAMS 0x000000070cf00000, 0x000000070cf00000| Complete 
| 192|0x000000070d000000, 0x000000070d100000, 0x000000070d100000|100%|HC|  |TAMS 0x000000070d000000, 0x000000070d000000| Complete 
| 193|0x000000070d100000, 0x000000070d200000, 0x000000070d200000|100%|HC|  |TAMS 0x000000070d100000, 0x000000070d100000| Complete 
| 194|0x000000070d200000, 0x000000070d200000, 0x000000070d300000|  0%| F|  |TAMS 0x000000070d200000, 0x000000070d200000| Untracked 
| 195|0x000000070d300000, 0x000000070d300000, 0x000000070d400000|  0%| F|  |TAMS 0x000000070d300000, 0x000000070d300000| Untracked 
| 196|0x000000070d400000, 0x000000070d400000, 0x000000070d500000|  0%| F|  |TAMS 0x000000070d400000, 0x000000070d400000| Untracked 
| 197|0x000000070d500000, 0x000000070d500000, 0x000000070d600000|  0%| F|  |TAMS 0x000000070d500000, 0x000000070d500000| Untracked 
| 198|0x000000070d600000, 0x000000070d600000, 0x000000070d700000|  0%| F|  |TAMS 0x000000070d600000, 0x000000070d600000| Untracked 
| 199|0x000000070d700000, 0x000000070d700000, 0x000000070d800000|  0%| F|  |TAMS 0x000000070d700000, 0x000000070d700000| Untracked 
| 200|0x000000070d800000, 0x000000070d800000, 0x000000070d900000|  0%| F|  |TAMS 0x000000070d800000, 0x000000070d800000| Untracked 
| 201|0x000000070d900000, 0x000000070d900000, 0x000000070da00000|  0%| F|  |TAMS 0x000000070d900000, 0x000000070d900000| Untracked 
| 202|0x000000070da00000, 0x000000070da00000, 0x000000070db00000|  0%| F|  |TAMS 0x000000070da00000, 0x000000070da00000| Untracked 
| 203|0x000000070db00000, 0x000000070db00000, 0x000000070dc00000|  0%| F|  |TAMS 0x000000070db00000, 0x000000070db00000| Untracked 
| 204|0x000000070dc00000, 0x000000070dc00000, 0x000000070dd00000|  0%| F|  |TAMS 0x000000070dc00000, 0x000000070dc00000| Untracked 
| 205|0x000000070dd00000, 0x000000070dd00000, 0x000000070de00000|  0%| F|  |TAMS 0x000000070dd00000, 0x000000070dd00000| Untracked 
| 206|0x000000070de00000, 0x000000070de00000, 0x000000070df00000|  0%| F|  |TAMS 0x000000070de00000, 0x000000070de00000| Untracked 
| 207|0x000000070df00000, 0x000000070df00000, 0x000000070e000000|  0%| F|  |TAMS 0x000000070df00000, 0x000000070df00000| Untracked 
| 208|0x000000070e000000, 0x000000070e000000, 0x000000070e100000|  0%| F|  |TAMS 0x000000070e000000, 0x000000070e000000| Untracked 
| 209|0x000000070e100000, 0x000000070e100000, 0x000000070e200000|  0%| F|  |TAMS 0x000000070e100000, 0x000000070e100000| Untracked 
| 210|0x000000070e200000, 0x000000070e200000, 0x000000070e300000|  0%| F|  |TAMS 0x000000070e200000, 0x000000070e200000| Untracked 
| 211|0x000000070e300000, 0x000000070e300000, 0x000000070e400000|  0%| F|  |TAMS 0x000000070e300000, 0x000000070e300000| Untracked 
| 212|0x000000070e400000, 0x000000070e400000, 0x000000070e500000|  0%| F|  |TAMS 0x000000070e400000, 0x000000070e400000| Untracked 
| 213|0x000000070e500000, 0x000000070e500000, 0x000000070e600000|  0%| F|  |TAMS 0x000000070e500000, 0x000000070e500000| Untracked 
| 214|0x000000070e600000, 0x000000070e600000, 0x000000070e700000|  0%| F|  |TAMS 0x000000070e600000, 0x000000070e600000| Untracked 
| 215|0x000000070e700000, 0x000000070e700000, 0x000000070e800000|  0%| F|  |TAMS 0x000000070e700000, 0x000000070e700000| Untracked 
| 216|0x000000070e800000, 0x000000070e800000, 0x000000070e900000|  0%| F|  |TAMS 0x000000070e800000, 0x000000070e800000| Untracked 
| 217|0x000000070e900000, 0x000000070e900000, 0x000000070ea00000|  0%| F|  |TAMS 0x000000070e900000, 0x000000070e900000| Untracked 
| 218|0x000000070ea00000, 0x000000070ea00000, 0x000000070eb00000|  0%| F|  |TAMS 0x000000070ea00000, 0x000000070ea00000| Untracked 
| 219|0x000000070eb00000, 0x000000070eb00000, 0x000000070ec00000|  0%| F|  |TAMS 0x000000070eb00000, 0x000000070eb00000| Untracked 
| 220|0x000000070ec00000, 0x000000070ec00000, 0x000000070ed00000|  0%| F|  |TAMS 0x000000070ec00000, 0x000000070ec00000| Untracked 
| 221|0x000000070ed00000, 0x000000070ed00000, 0x000000070ee00000|  0%| F|  |TAMS 0x000000070ed00000, 0x000000070ed00000| Untracked 
| 222|0x000000070ee00000, 0x000000070ee00000, 0x000000070ef00000|  0%| F|  |TAMS 0x000000070ee00000, 0x000000070ee00000| Untracked 
| 223|0x000000070ef00000, 0x000000070ef00000, 0x000000070f000000|  0%| F|  |TAMS 0x000000070ef00000, 0x000000070ef00000| Untracked 
| 224|0x000000070f000000, 0x000000070f000000, 0x000000070f100000|  0%| F|  |TAMS 0x000000070f000000, 0x000000070f000000| Untracked 
| 225|0x000000070f100000, 0x000000070f100000, 0x000000070f200000|  0%| F|  |TAMS 0x000000070f100000, 0x000000070f100000| Untracked 
| 226|0x000000070f200000, 0x000000070f200000, 0x000000070f300000|  0%| F|  |TAMS 0x000000070f200000, 0x000000070f200000| Untracked 
| 227|0x000000070f300000, 0x000000070f300000, 0x000000070f400000|  0%| F|  |TAMS 0x000000070f300000, 0x000000070f300000| Untracked 
| 228|0x000000070f400000, 0x000000070f400000, 0x000000070f500000|  0%| F|  |TAMS 0x000000070f400000, 0x000000070f400000| Untracked 
| 229|0x000000070f500000, 0x000000070f500000, 0x000000070f600000|  0%| F|  |TAMS 0x000000070f500000, 0x000000070f500000| Untracked 
| 230|0x000000070f600000, 0x000000070f600000, 0x000000070f700000|  0%| F|  |TAMS 0x000000070f600000, 0x000000070f600000| Untracked 
| 231|0x000000070f700000, 0x000000070f700000, 0x000000070f800000|  0%| F|  |TAMS 0x000000070f700000, 0x000000070f700000| Untracked 
| 232|0x000000070f800000, 0x000000070f800000, 0x000000070f900000|  0%| F|  |TAMS 0x000000070f800000, 0x000000070f800000| Untracked 
| 233|0x000000070f900000, 0x000000070f900000, 0x000000070fa00000|  0%| F|  |TAMS 0x000000070f900000, 0x000000070f900000| Untracked 
| 234|0x000000070fa00000, 0x000000070fa00000, 0x000000070fb00000|  0%| F|  |TAMS 0x000000070fa00000, 0x000000070fa00000| Untracked 
| 235|0x000000070fb00000, 0x000000070fb00000, 0x000000070fc00000|  0%| F|  |TAMS 0x000000070fb00000, 0x000000070fb00000| Untracked 
| 236|0x000000070fc00000, 0x000000070fc00000, 0x000000070fd00000|  0%| F|  |TAMS 0x000000070fc00000, 0x000000070fc00000| Untracked 
| 237|0x000000070fd00000, 0x000000070fd00000, 0x000000070fe00000|  0%| F|  |TAMS 0x000000070fd00000, 0x000000070fd00000| Untracked 
| 238|0x000000070fe00000, 0x000000070fe00000, 0x000000070ff00000|  0%| F|  |TAMS 0x000000070fe00000, 0x000000070fe00000| Untracked 
| 239|0x000000070ff00000, 0x000000070ff00000, 0x0000000710000000|  0%| F|  |TAMS 0x000000070ff00000, 0x000000070ff00000| Untracked 
| 240|0x0000000710000000, 0x0000000710000000, 0x0000000710100000|  0%| F|  |TAMS 0x0000000710000000, 0x0000000710000000| Untracked 
| 241|0x0000000710100000, 0x0000000710100000, 0x0000000710200000|  0%| F|  |TAMS 0x0000000710100000, 0x0000000710100000| Untracked 
| 242|0x0000000710200000, 0x0000000710200000, 0x0000000710300000|  0%| F|  |TAMS 0x0000000710200000, 0x0000000710200000| Untracked 
| 243|0x0000000710300000, 0x0000000710300000, 0x0000000710400000|  0%| F|  |TAMS 0x0000000710300000, 0x0000000710300000| Untracked 
| 244|0x0000000710400000, 0x0000000710400000, 0x0000000710500000|  0%| F|  |TAMS 0x0000000710400000, 0x0000000710400000| Untracked 
| 245|0x0000000710500000, 0x0000000710500000, 0x0000000710600000|  0%| F|  |TAMS 0x0000000710500000, 0x0000000710500000| Untracked 
| 246|0x0000000710600000, 0x0000000710600000, 0x0000000710700000|  0%| F|  |TAMS 0x0000000710600000, 0x0000000710600000| Untracked 
| 247|0x0000000710700000, 0x0000000710700000, 0x0000000710800000|  0%| F|  |TAMS 0x0000000710700000, 0x0000000710700000| Untracked 
| 248|0x0000000710800000, 0x0000000710800000, 0x0000000710900000|  0%| F|  |TAMS 0x0000000710800000, 0x0000000710800000| Untracked 
| 249|0x0000000710900000, 0x0000000710900000, 0x0000000710a00000|  0%| F|  |TAMS 0x0000000710900000, 0x0000000710900000| Untracked 
| 250|0x0000000710a00000, 0x0000000710a00000, 0x0000000710b00000|  0%| F|  |TAMS 0x0000000710a00000, 0x0000000710a00000| Untracked 
| 251|0x0000000710b00000, 0x0000000710b00000, 0x0000000710c00000|  0%| F|  |TAMS 0x0000000710b00000, 0x0000000710b00000| Untracked 
| 252|0x0000000710c00000, 0x0000000710c00000, 0x0000000710d00000|  0%| F|  |TAMS 0x0000000710c00000, 0x0000000710c00000| Untracked 
| 253|0x0000000710d00000, 0x0000000710d00000, 0x0000000710e00000|  0%| F|  |TAMS 0x0000000710d00000, 0x0000000710d00000| Untracked 
| 254|0x0000000710e00000, 0x0000000710e00000, 0x0000000710f00000|  0%| F|  |TAMS 0x0000000710e00000, 0x0000000710e00000| Untracked 
| 255|0x0000000710f00000, 0x0000000710f00000, 0x0000000711000000|  0%| F|  |TAMS 0x0000000710f00000, 0x0000000710f00000| Untracked 
| 256|0x0000000711000000, 0x0000000711000000, 0x0000000711100000|  0%| F|  |TAMS 0x0000000711000000, 0x0000000711000000| Untracked 
| 257|0x0000000711100000, 0x0000000711100000, 0x0000000711200000|  0%| F|  |TAMS 0x0000000711100000, 0x0000000711100000| Untracked 
| 258|0x0000000711200000, 0x0000000711200000, 0x0000000711300000|  0%| F|  |TAMS 0x0000000711200000, 0x0000000711200000| Untracked 
| 259|0x0000000711300000, 0x0000000711300000, 0x0000000711400000|  0%| F|  |TAMS 0x0000000711300000, 0x0000000711300000| Untracked 
| 260|0x0000000711400000, 0x0000000711400000, 0x0000000711500000|  0%| F|  |TAMS 0x0000000711400000, 0x0000000711400000| Untracked 
| 261|0x0000000711500000, 0x0000000711500000, 0x0000000711600000|  0%| F|  |TAMS 0x0000000711500000, 0x0000000711500000| Untracked 
| 262|0x0000000711600000, 0x0000000711600000, 0x0000000711700000|  0%| F|  |TAMS 0x0000000711600000, 0x0000000711600000| Untracked 
| 263|0x0000000711700000, 0x0000000711700000, 0x0000000711800000|  0%| F|  |TAMS 0x0000000711700000, 0x0000000711700000| Untracked 
| 264|0x0000000711800000, 0x0000000711800000, 0x0000000711900000|  0%| F|  |TAMS 0x0000000711800000, 0x0000000711800000| Untracked 
| 265|0x0000000711900000, 0x0000000711900000, 0x0000000711a00000|  0%| F|  |TAMS 0x0000000711900000, 0x0000000711900000| Untracked 
| 266|0x0000000711a00000, 0x0000000711a00000, 0x0000000711b00000|  0%| F|  |TAMS 0x0000000711a00000, 0x0000000711a00000| Untracked 
| 267|0x0000000711b00000, 0x0000000711b00000, 0x0000000711c00000|  0%| F|  |TAMS 0x0000000711b00000, 0x0000000711b00000| Untracked 
| 268|0x0000000711c00000, 0x0000000711c00000, 0x0000000711d00000|  0%| F|  |TAMS 0x0000000711c00000, 0x0000000711c00000| Untracked 
| 269|0x0000000711d00000, 0x0000000711d00000, 0x0000000711e00000|  0%| F|  |TAMS 0x0000000711d00000, 0x0000000711d00000| Untracked 
| 270|0x0000000711e00000, 0x0000000711e00000, 0x0000000711f00000|  0%| F|  |TAMS 0x0000000711e00000, 0x0000000711e00000| Untracked 
| 271|0x0000000711f00000, 0x0000000711f00000, 0x0000000712000000|  0%| F|  |TAMS 0x0000000711f00000, 0x0000000711f00000| Untracked 
| 272|0x0000000712000000, 0x0000000712000000, 0x0000000712100000|  0%| F|  |TAMS 0x0000000712000000, 0x0000000712000000| Untracked 
| 273|0x0000000712100000, 0x0000000712100000, 0x0000000712200000|  0%| F|  |TAMS 0x0000000712100000, 0x0000000712100000| Untracked 
| 274|0x0000000712200000, 0x000000071227d110, 0x0000000712300000| 48%| S|CS|TAMS 0x0000000712200000, 0x0000000712200000| Complete 
| 275|0x0000000712300000, 0x0000000712400000, 0x0000000712400000|100%| S|CS|TAMS 0x0000000712300000, 0x0000000712300000| Complete 
| 276|0x0000000712400000, 0x0000000712500000, 0x0000000712500000|100%| S|CS|TAMS 0x0000000712400000, 0x0000000712400000| Complete 
| 277|0x0000000712500000, 0x0000000712600000, 0x0000000712600000|100%| S|CS|TAMS 0x0000000712500000, 0x0000000712500000| Complete 
| 278|0x0000000712600000, 0x0000000712700000, 0x0000000712700000|100%| S|CS|TAMS 0x0000000712600000, 0x0000000712600000| Complete 
| 279|0x0000000712700000, 0x0000000712800000, 0x0000000712800000|100%| S|CS|TAMS 0x0000000712700000, 0x0000000712700000| Complete 
| 280|0x0000000712800000, 0x0000000712900000, 0x0000000712900000|100%| S|CS|TAMS 0x0000000712800000, 0x0000000712800000| Complete 
| 281|0x0000000712900000, 0x0000000712900000, 0x0000000712a00000|  0%| F|  |TAMS 0x0000000712900000, 0x0000000712900000| Untracked 
| 282|0x0000000712a00000, 0x0000000712a00000, 0x0000000712b00000|  0%| F|  |TAMS 0x0000000712a00000, 0x0000000712a00000| Untracked 
| 283|0x0000000712b00000, 0x0000000712b00000, 0x0000000712c00000|  0%| F|  |TAMS 0x0000000712b00000, 0x0000000712b00000| Untracked 
| 284|0x0000000712c00000, 0x0000000712c00000, 0x0000000712d00000|  0%| F|  |TAMS 0x0000000712c00000, 0x0000000712c00000| Untracked 
| 285|0x0000000712d00000, 0x0000000712d00000, 0x0000000712e00000|  0%| F|  |TAMS 0x0000000712d00000, 0x0000000712d00000| Untracked 
| 286|0x0000000712e00000, 0x0000000712e00000, 0x0000000712f00000|  0%| F|  |TAMS 0x0000000712e00000, 0x0000000712e00000| Untracked 
| 287|0x0000000712f00000, 0x0000000712f00000, 0x0000000713000000|  0%| F|  |TAMS 0x0000000712f00000, 0x0000000712f00000| Untracked 
| 288|0x0000000713000000, 0x0000000713000000, 0x0000000713100000|  0%| F|  |TAMS 0x0000000713000000, 0x0000000713000000| Untracked 
| 289|0x0000000713100000, 0x0000000713100000, 0x0000000713200000|  0%| F|  |TAMS 0x0000000713100000, 0x0000000713100000| Untracked 
| 290|0x0000000713200000, 0x0000000713200000, 0x0000000713300000|  0%| F|  |TAMS 0x0000000713200000, 0x0000000713200000| Untracked 
| 291|0x0000000713300000, 0x0000000713300000, 0x0000000713400000|  0%| F|  |TAMS 0x0000000713300000, 0x0000000713300000| Untracked 
| 292|0x0000000713400000, 0x0000000713400000, 0x0000000713500000|  0%| F|  |TAMS 0x0000000713400000, 0x0000000713400000| Untracked 
| 293|0x0000000713500000, 0x0000000713500000, 0x0000000713600000|  0%| F|  |TAMS 0x0000000713500000, 0x0000000713500000| Untracked 
| 294|0x0000000713600000, 0x0000000713600000, 0x0000000713700000|  0%| F|  |TAMS 0x0000000713600000, 0x0000000713600000| Untracked 
| 295|0x0000000713700000, 0x0000000713700000, 0x0000000713800000|  0%| F|  |TAMS 0x0000000713700000, 0x0000000713700000| Untracked 
| 296|0x0000000713800000, 0x0000000713800000, 0x0000000713900000|  0%| F|  |TAMS 0x0000000713800000, 0x0000000713800000| Untracked 
| 297|0x0000000713900000, 0x0000000713900000, 0x0000000713a00000|  0%| F|  |TAMS 0x0000000713900000, 0x0000000713900000| Untracked 
| 298|0x0000000713a00000, 0x0000000713a00000, 0x0000000713b00000|  0%| F|  |TAMS 0x0000000713a00000, 0x0000000713a00000| Untracked 
| 299|0x0000000713b00000, 0x0000000713b00000, 0x0000000713c00000|  0%| F|  |TAMS 0x0000000713b00000, 0x0000000713b00000| Untracked 
| 300|0x0000000713c00000, 0x0000000713c00000, 0x0000000713d00000|  0%| F|  |TAMS 0x0000000713c00000, 0x0000000713c00000| Untracked 
| 301|0x0000000713d00000, 0x0000000713d00000, 0x0000000713e00000|  0%| F|  |TAMS 0x0000000713d00000, 0x0000000713d00000| Untracked 
| 302|0x0000000713e00000, 0x0000000713e00000, 0x0000000713f00000|  0%| F|  |TAMS 0x0000000713e00000, 0x0000000713e00000| Untracked 
| 303|0x0000000713f00000, 0x0000000713f00000, 0x0000000714000000|  0%| F|  |TAMS 0x0000000713f00000, 0x0000000713f00000| Untracked 
| 304|0x0000000714000000, 0x0000000714000000, 0x0000000714100000|  0%| F|  |TAMS 0x0000000714000000, 0x0000000714000000| Untracked 
| 305|0x0000000714100000, 0x0000000714100000, 0x0000000714200000|  0%| F|  |TAMS 0x0000000714100000, 0x0000000714100000| Untracked 
| 306|0x0000000714200000, 0x0000000714200000, 0x0000000714300000|  0%| F|  |TAMS 0x0000000714200000, 0x0000000714200000| Untracked 
| 307|0x0000000714300000, 0x0000000714300000, 0x0000000714400000|  0%| F|  |TAMS 0x0000000714300000, 0x0000000714300000| Untracked 
| 308|0x0000000714400000, 0x0000000714400000, 0x0000000714500000|  0%| F|  |TAMS 0x0000000714400000, 0x0000000714400000| Untracked 
| 309|0x0000000714500000, 0x0000000714500000, 0x0000000714600000|  0%| F|  |TAMS 0x0000000714500000, 0x0000000714500000| Untracked 
| 310|0x0000000714600000, 0x0000000714600000, 0x0000000714700000|  0%| F|  |TAMS 0x0000000714600000, 0x0000000714600000| Untracked 
| 311|0x0000000714700000, 0x0000000714700000, 0x0000000714800000|  0%| F|  |TAMS 0x0000000714700000, 0x0000000714700000| Untracked 
| 312|0x0000000714800000, 0x0000000714800000, 0x0000000714900000|  0%| F|  |TAMS 0x0000000714800000, 0x0000000714800000| Untracked 
| 313|0x0000000714900000, 0x0000000714900000, 0x0000000714a00000|  0%| F|  |TAMS 0x0000000714900000, 0x0000000714900000| Untracked 
| 314|0x0000000714a00000, 0x0000000714a00000, 0x0000000714b00000|  0%| F|  |TAMS 0x0000000714a00000, 0x0000000714a00000| Untracked 
| 315|0x0000000714b00000, 0x0000000714b00000, 0x0000000714c00000|  0%| F|  |TAMS 0x0000000714b00000, 0x0000000714b00000| Untracked 
| 316|0x0000000714c00000, 0x0000000714c00000, 0x0000000714d00000|  0%| F|  |TAMS 0x0000000714c00000, 0x0000000714c00000| Untracked 
| 317|0x0000000714d00000, 0x0000000714d00000, 0x0000000714e00000|  0%| F|  |TAMS 0x0000000714d00000, 0x0000000714d00000| Untracked 
| 318|0x0000000714e00000, 0x0000000714e00000, 0x0000000714f00000|  0%| F|  |TAMS 0x0000000714e00000, 0x0000000714e00000| Untracked 
| 319|0x0000000714f00000, 0x0000000714f00000, 0x0000000715000000|  0%| F|  |TAMS 0x0000000714f00000, 0x0000000714f00000| Untracked 
| 320|0x0000000715000000, 0x0000000715000000, 0x0000000715100000|  0%| F|  |TAMS 0x0000000715000000, 0x0000000715000000| Untracked 
| 321|0x0000000715100000, 0x0000000715100000, 0x0000000715200000|  0%| F|  |TAMS 0x0000000715100000, 0x0000000715100000| Untracked 
| 322|0x0000000715200000, 0x0000000715200000, 0x0000000715300000|  0%| F|  |TAMS 0x0000000715200000, 0x0000000715200000| Untracked 
| 323|0x0000000715300000, 0x0000000715300000, 0x0000000715400000|  0%| F|  |TAMS 0x0000000715300000, 0x0000000715300000| Untracked 
| 324|0x0000000715400000, 0x0000000715400000, 0x0000000715500000|  0%| F|  |TAMS 0x0000000715400000, 0x0000000715400000| Untracked 
| 325|0x0000000715500000, 0x0000000715600000, 0x0000000715600000|100%| E|CS|TAMS 0x0000000715500000, 0x0000000715500000| Complete 
| 326|0x0000000715600000, 0x0000000715700000, 0x0000000715700000|100%| E|CS|TAMS 0x0000000715600000, 0x0000000715600000| Complete 
| 327|0x0000000715700000, 0x0000000715700000, 0x0000000715800000|  0%| F|  |TAMS 0x0000000715700000, 0x0000000715700000| Untracked 
| 328|0x0000000715800000, 0x0000000715800000, 0x0000000715900000|  0%| F|  |TAMS 0x0000000715800000, 0x0000000715800000| Untracked 
| 329|0x0000000715900000, 0x0000000715900000, 0x0000000715a00000|  0%| F|  |TAMS 0x0000000715900000, 0x0000000715900000| Untracked 
| 330|0x0000000715a00000, 0x0000000715a00000, 0x0000000715b00000|  0%| F|  |TAMS 0x0000000715a00000, 0x0000000715a00000| Untracked 
| 331|0x0000000715b00000, 0x0000000715b00000, 0x0000000715c00000|  0%| F|  |TAMS 0x0000000715b00000, 0x0000000715b00000| Untracked 
| 332|0x0000000715c00000, 0x0000000715c00000, 0x0000000715d00000|  0%| F|  |TAMS 0x0000000715c00000, 0x0000000715c00000| Untracked 
| 333|0x0000000715d00000, 0x0000000715d00000, 0x0000000715e00000|  0%| F|  |TAMS 0x0000000715d00000, 0x0000000715d00000| Untracked 
| 334|0x0000000715e00000, 0x0000000715e00000, 0x0000000715f00000|  0%| F|  |TAMS 0x0000000715e00000, 0x0000000715e00000| Untracked 
| 335|0x0000000715f00000, 0x0000000715f00000, 0x0000000716000000|  0%| F|  |TAMS 0x0000000715f00000, 0x0000000715f00000| Untracked 
| 336|0x0000000716000000, 0x0000000716000000, 0x0000000716100000|  0%| F|  |TAMS 0x0000000716000000, 0x0000000716000000| Untracked 
| 337|0x0000000716100000, 0x00000007161457b0, 0x0000000716200000| 27%| E|  |TAMS 0x0000000716100000, 0x0000000716100000| Complete 
| 338|0x0000000716200000, 0x0000000716300000, 0x0000000716300000|100%| E|CS|TAMS 0x0000000716200000, 0x0000000716200000| Complete 

Card table byte_map: [0x000001ee17b30000,0x000001ee18330000] _byte_map_base: 0x000001ee14328000

Marking Bits (Prev, Next): (CMBitMap*) 0x000001ee7f7dcb78, (CMBitMap*) 0x000001ee7f7dcb38
 Prev Bits: [0x000001ee1caf0000, 0x000001ee20ab0000)
 Next Bits: [0x000001ee18b30000, 0x000001ee1caf0000)

Polling page: 0x000001ee7ef50000

Metaspace:

Usage:
  Non-class:     12.51 MB capacity,    12.27 MB ( 98%) used,   212.37 KB (  2%) free+waste,    40.50 KB ( <1%) overhead. 
      Class:      1.60 MB capacity,     1.42 MB ( 89%) used,   158.52 KB ( 10%) free+waste,    21.81 KB (  1%) overhead. 
       Both:     14.11 MB capacity,    13.69 MB ( 97%) used,   370.89 KB (  3%) free+waste,    62.31 KB ( <1%) overhead. 

Virtual space:
  Non-class space:       14.00 MB reserved,      12.75 MB ( 91%) committed 
      Class space:        1.00 GB reserved,       1.63 MB ( <1%) committed 
             Both:        1.01 GB reserved,      14.38 MB (  1%) committed 

Chunk freelists:
   Non-Class:  6.38 KB
       Class:  3.38 KB
        Both:  9.75 KB

CodeHeap 'non-profiled nmethods': size=120000Kb used=3175Kb max_used=3538Kb free=116824Kb
 bounds [0x000001ee0fe00000, 0x000001ee10180000, 0x000001ee17330000]
CodeHeap 'profiled nmethods': size=120000Kb used=5553Kb max_used=6524Kb free=114446Kb
 bounds [0x000001ee088d0000, 0x000001ee08f40000, 0x000001ee0fe00000]
CodeHeap 'non-nmethods': size=5760Kb used=1286Kb max_used=1347Kb free=4473Kb
 bounds [0x000001ee08330000, 0x000001ee085a0000, 0x000001ee088d0000]
 total_blobs=6047 nmethods=2993 adapters=582
 compilation: enabled
              stopped_count=0, restarted_count=0
 full_count=0

Compilation events (10 events):
Event: 1264.837 Thread 0x000001ee23a85000 3807       3       java.text.DateFormatSymbols::getProviderInstance (37 bytes)
Event: 1264.837 Thread 0x000001ee23a85000 nmethod 3807 0x000001ee088ec510 code [0x000001ee088ec740, 0x000001ee088ecce0]
Event: 1264.847 Thread 0x000001ee23a82000 3808       4       java.awt.Component::isEnabled (5 bytes)
Event: 1264.847 Thread 0x000001ee23a82000 nmethod 3808 0x000001ee0fe39510 code [0x000001ee0fe396a0, 0x000001ee0fe39718]
Event: 1264.865 Thread 0x000001ee23a85000 3809       3       java.lang.invoke.LambdaForm$MH/0x000000080121f440::invoke (122 bytes)
Event: 1264.865 Thread 0x000001ee23a85000 nmethod 3809 0x000001ee08959d90 code [0x000001ee0895a000, 0x000001ee0895afb0]
Event: 1264.865 Thread 0x000001ee23a85000 3810       1       java.lang.ref.Reference::clear (6 bytes)
Event: 1264.865 Thread 0x000001ee23a85000 nmethod 3810 0x000001ee0fe39190 code [0x000001ee0fe39340, 0x000001ee0fe39498]
Event: 1265.297 Thread 0x000001ee23a82000 3811   !   4       java.awt.KeyboardFocusManager::processCurrentLightweightRequests (345 bytes)
Event: 1265.301 Thread 0x000001ee23a82000 nmethod 3811 0x000001ee0fe38210 code [0x000001ee0fe38420, 0x000001ee0fe38c78]

GC Heap History (10 events):
Event: 824.518 GC heap before
{Heap before GC invocations=15 (full 0):
 garbage-first heap   total 262144K, used 221429K [0x0000000701000000, 0x0000000800000000)
  region size 1024K, 74 young (75776K), 3 survivors (3072K)
 Metaspace       used 13887K, capacity 14315K, committed 14464K, reserved 1062912K
  class space    used 1452K, capacity 1636K, committed 1664K, reserved 1048576K
}
Event: 824.520 GC heap after
{Heap after GC invocations=16 (full 0):
 garbage-first heap   total 262144K, used 148704K [0x0000000701000000, 0x0000000800000000)
  region size 1024K, 3 young (3072K), 3 survivors (3072K)
 Metaspace       used 13887K, capacity 14315K, committed 14464K, reserved 1062912K
  class space    used 1452K, capacity 1636K, committed 1664K, reserved 1048576K
}
Event: 1029.172 GC heap before
{Heap before GC invocations=16 (full 0):
 garbage-first heap   total 262144K, used 221408K [0x0000000701000000, 0x0000000800000000)
  region size 1024K, 74 young (75776K), 3 survivors (3072K)
 Metaspace       used 13887K, capacity 14315K, committed 14464K, reserved 1062912K
  class space    used 1452K, capacity 1636K, committed 1664K, reserved 1048576K
}
Event: 1029.174 GC heap after
{Heap after GC invocations=17 (full 0):
 garbage-first heap   total 262144K, used 148727K [0x0000000701000000, 0x0000000800000000)
  region size 1024K, 3 young (3072K), 3 survivors (3072K)
 Metaspace       used 13887K, capacity 14315K, committed 14464K, reserved 1062912K
  class space    used 1452K, capacity 1636K, committed 1664K, reserved 1048576K
}
Event: 1237.621 GC heap before
{Heap before GC invocations=18 (full 0):
 garbage-first heap   total 262144K, used 222455K [0x0000000701000000, 0x0000000800000000)
  region size 1024K, 75 young (76800K), 3 survivors (3072K)
 Metaspace       used 13908K, capacity 14318K, committed 14464K, reserved 1062912K
  class space    used 1452K, capacity 1637K, committed 1664K, reserved 1048576K
}
Event: 1237.622 GC heap after
{Heap after GC invocations=19 (full 0):
 garbage-first heap   total 262144K, used 148906K [0x0000000701000000, 0x0000000800000000)
  region size 1024K, 4 young (4096K), 4 survivors (4096K)
 Metaspace       used 13908K, capacity 14318K, committed 14464K, reserved 1062912K
  class space    used 1452K, capacity 1637K, committed 1664K, reserved 1048576K
}
Event: 1238.102 GC heap before
{Heap before GC invocations=19 (full 0):
 garbage-first heap   total 262144K, used 149930K [0x0000000701000000, 0x0000000800000000)
  region size 1024K, 6 young (6144K), 4 survivors (4096K)
 Metaspace       used 13909K, capacity 14318K, committed 14464K, reserved 1062912K
  class space    used 1452K, capacity 1637K, committed 1664K, reserved 1048576K
}
Event: 1238.103 GC heap after
{Heap after GC invocations=20 (full 0):
 garbage-first heap   total 262144K, used 149070K [0x0000000701000000, 0x0000000800000000)
  region size 1024K, 4 young (4096K), 4 survivors (4096K)
 Metaspace       used 13909K, capacity 14318K, committed 14464K, reserved 1062912K
  class space    used 1452K, capacity 1637K, committed 1664K, reserved 1048576K
}
Event: 1264.838 GC heap before
{Heap before GC invocations=21 (full 0):
 garbage-first heap   total 334848K, used 244302K [0x0000000701000000, 0x0000000800000000)
  region size 1024K, 51 young (52224K), 4 survivors (4096K)
 Metaspace       used 13974K, capacity 14382K, committed 14464K, reserved 1062912K
  class space    used 1452K, capacity 1637K, committed 1664K, reserved 1048576K
}
Event: 1264.841 GC heap after
{Heap after GC invocations=22 (full 0):
 garbage-first heap   total 334848K, used 201564K [0x0000000701000000, 0x0000000800000000)
  region size 1024K, 7 young (7168K), 7 survivors (7168K)
 Metaspace       used 13974K, capacity 14382K, committed 14464K, reserved 1062912K
  class space    used 1452K, capacity 1637K, committed 1664K, reserved 1048576K
}

Deoptimization events (10 events):
Event: 1050.328 Thread 0x000001ee247c0000 Uncommon trap: reason=unstable_if action=reinterpret pc=0x000001ee0ff41984 method=sun.awt.image.VolatileSurfaceManager.validate(Ljava/awt/GraphicsConfiguration;)I @ 90 c2
Event: 1050.476 Thread 0x000001ee247c0000 Uncommon trap: reason=unstable_if action=reinterpret pc=0x000001ee101601fc method=sun.awt.image.VolatileSurfaceManager.validate(Ljava/awt/GraphicsConfiguration;)I @ 90 c2
Event: 1238.100 Thread 0x000001ee247c0000 Uncommon trap: reason=class_check action=maybe_recompile pc=0x000001ee10115e5c method=javax.swing.ArrayTable.get(Ljava/lang/Object;)Ljava/lang/Object; @ 41 c2
Event: 1238.100 Thread 0x000001ee247c0000 Uncommon trap: reason=class_check action=maybe_recompile pc=0x000001ee10115e5c method=javax.swing.ArrayTable.get(Ljava/lang/Object;)Ljava/lang/Object; @ 41 c2
Event: 1239.102 Thread 0x000001ee247c0000 Uncommon trap: reason=unstable_if action=reinterpret pc=0x000001ee0ffa66ec method=sun.java2d.SunGraphics2D.drawImage(Ljava/awt/Image;IIIILjava/awt/Color;Ljava/awt/image/ImageObserver;)Z @ 75 c2
Event: 1239.103 Thread 0x000001ee247c0000 Uncommon trap: reason=unstable_if action=reinterpret pc=0x000001ee0ff5c228 method=sun.font.FileFontStrike.getGlyphImagePtrs([I[JI)V @ 45 c2
Event: 1239.526 Thread 0x000001ee247c0000 Uncommon trap: reason=unstable_if action=reinterpret pc=0x000001ee0feac83c method=java.util.LinkedList.node(I)Ljava/util/LinkedList$Node; @ 49 c2
Event: 1243.110 Thread 0x000001ee247c0000 Uncommon trap: reason=unstable_if action=reinterpret pc=0x000001ee0ff6c7ac method=sun.java2d.SunGraphics2D.drawImage(Ljava/awt/Image;IIIILjava/awt/Color;Ljava/awt/image/ImageObserver;)Z @ 82 c2
Event: 1243.110 Thread 0x000001ee247c0000 Uncommon trap: reason=unstable_if action=reinterpret pc=0x000001ee0ffa4dcc method=sun.java2d.SunGraphics2D.drawImage(Ljava/awt/Image;IIIILjava/awt/Color;Ljava/awt/image/ImageObserver;)Z @ 75 c2
Event: 1265.809 Thread 0x000001ee247d7800 Uncommon trap: reason=unstable_if action=reinterpret pc=0x000001ee100d845c method=sun.java2d.d3d.D3DScreenUpdateManager.run()V @ 4 c2

Classes redefined (0 events):
No events

Internal exceptions (10 events):
Event: 482.829 Thread 0x000001ee247c0000 Exception <a 'java/lang/NoSuchMethodError'{0x0000000710b4b9e0}: java.lang.invoke.DirectMethodHandle$Holder.invokeStatic(Ljava/lang/Object;Ljava/lang/Object;Ljava/lang/Object;Ljava/lang/Object;Ljava/lang/Object;Ljava/lang/Object;Ljava/lang/Object;Ljava/lan
Event: 482.830 Thread 0x000001ee247c0000 Exception <a 'java/lang/NoSuchMethodError'{0x0000000710b57e58}: java.lang.invoke.DirectMethodHandle$Holder.invokeSpecial(Ljava/lang/Object;Ljava/lang/Object;JLjava/lang/Object;Ljava/lang/Object;Ljava/lang/Object;Ljava/lang/Object;)Ljava/lang/Object;> (0x0
Event: 482.830 Thread 0x000001ee247c0000 Exception <a 'java/lang/NoSuchMethodError'{0x0000000710b5b290}: java.lang.invoke.DelegatingMethodHandle$Holder.reinvoke_L(Ljava/lang/Object;JLjava/lang/Object;Ljava/lang/Object;Ljava/lang/Object;Ljava/lang/Object;)Ljava/lang/Object;> (0x0000000710b5b290) 
Event: 482.831 Thread 0x000001ee247c0000 Exception <a 'java/lang/NoSuchMethodError'{0x0000000710b6ba58}: java.lang.invoke.DirectMethodHandle$Holder.invokeStatic(Ljava/lang/Object;Ljava/lang/Object;Ljava/lang/Object;Ljava/lang/Object;J)Ljava/lang/Object;> (0x0000000710b6ba58) thrown at [t:/worksp
Event: 482.953 Thread 0x000001ee247c0000 Exception <a 'java/lang/NoSuchMethodError'{0x0000000710876160}: java.lang.invoke.DirectMethodHandle$Holder.invokeStaticInit(Ljava/lang/Object;IIII)Ljava/lang/Object;> (0x0000000710876160) thrown at [t:/workspace/open/src/hotspot/share/interpreter/linkReso
Event: 483.090 Thread 0x000001ee247c0000 Exception <a 'java/lang/NoSuchMethodError'{0x0000000710896030}: java.lang.invoke.DirectMethodHandle$Holder.invokeStaticInit(Ljava/lang/Object;Ljava/lang/Object;IIII)Ljava/lang/Object;> (0x0000000710896030) thrown at [t:/workspace/open/src/hotspot/share/in
Event: 490.922 Thread 0x000001ee247c0000 Implicit null exception at 0x000001ee0fe89c62 to 0x000001ee0fe89dbb
Event: 490.922 Thread 0x000001ee247c0000 Implicit null exception at 0x000001ee0fe8c0ee to 0x000001ee0fe8c25b
Event: 503.353 Thread 0x000001ee247c0000 Implicit null exception at 0x000001ee10167f5c to 0x000001ee10168186
Event: 1265.808 Thread 0x000001ee247c0000 Exception <a 'java/lang/NoSuchMethodError'{0x00000007156f7ce8}: <clinit>> (0x00000007156f7ce8) thrown at [t:/workspace/open/src/hotspot/share/prims/jni.cpp, line 1362]

Events (10 events):
Event: 1265.809 Thread 0x000001ee247d7800 DEOPT UNPACKING pc=0x000001ee08359c2f sp=0x00000088d182f508 mode 2
Event: 1265.809 Thread 0x000001ee247d7800 Thread exited: 0x000001ee247d7800
Event: 1265.809 loading class java/util/WeakHashMap$KeyIterator
Event: 1265.816 loading class java/util/WeakHashMap$HashIterator
Event: 1265.816 loading class java/util/WeakHashMap$HashIterator done
Event: 1265.816 loading class java/util/WeakHashMap$KeyIterator done
Event: 1265.816 Thread 0x000001ee2db78000 Thread exited: 0x000001ee2db78000
Event: 1265.823 Thread 0x000001ee241ff000 Thread exited: 0x000001ee241ff000
Event: 1265.910 Thread 0x000001ee2db77000 Thread exited: 0x000001ee2db77000
Event: 1265.911 Executing VM operation: Exit


Dynamic libraries:
0x00007ff71b390000 - 0x00007ff71b39f000 	C:\Program Files\Java\jdk-12\bin\java.exe
0x00007ffb4b290000 - 0x00007ffb4b471000 	C:\WINDOWS\SYSTEM32\ntdll.dll
0x00007ffb48810000 - 0x00007ffb488c1000 	C:\WINDOWS\System32\KERNEL32.DLL
0x00007ffb481a0000 - 0x00007ffb48413000 	C:\WINDOWS\System32\KERNELBASE.dll
0x00007ffb48620000 - 0x00007ffb48718000 	C:\WINDOWS\System32\ucrtbase.dll
0x00007ffb29120000 - 0x00007ffb29138000 	C:\Program Files\Java\jdk-12\bin\jli.dll
0x00007ffb28f10000 - 0x00007ffb28f26000 	C:\Program Files\Java\jdk-12\bin\VCRUNTIME140.dll
0x00007ffb495c0000 - 0x00007ffb49661000 	C:\WINDOWS\System32\ADVAPI32.dll
0x00007ffb49cd0000 - 0x00007ffb49d6e000 	C:\WINDOWS\System32\msvcrt.dll
0x00007ffb48b80000 - 0x00007ffb48bdb000 	C:\WINDOWS\System32\sechost.dll
0x00007ffb491c0000 - 0x00007ffb492e4000 	C:\WINDOWS\System32\RPCRT4.dll
0x00007ffb49680000 - 0x00007ffb49810000 	C:\WINDOWS\System32\USER32.dll
0x00007ffb47800000 - 0x00007ffb47820000 	C:\WINDOWS\System32\win32u.dll
0x00007ffb349e0000 - 0x00007ffb34c49000 	C:\WINDOWS\WinSxS\amd64_microsoft.windows.common-controls_6595b64144ccf1df_6.0.17134.706_none_fb43a2cb30647007\COMCTL32.dll
0x00007ffb48ac0000 - 0x00007ffb48ae8000 	C:\WINDOWS\System32\GDI32.dll
0x00007ffb48da0000 - 0x00007ffb490c2000 	C:\WINDOWS\System32\combase.dll
0x00007ffb47660000 - 0x00007ffb477f2000 	C:\WINDOWS\System32\gdi32full.dll
0x00007ffb48480000 - 0x00007ffb4851f000 	C:\WINDOWS\System32\msvcp_win.dll
0x00007ffb47820000 - 0x00007ffb4789a000 	C:\WINDOWS\System32\bcryptPrimitives.dll
0x00007ffb42f00000 - 0x00007ffb42f0a000 	C:\WINDOWS\SYSTEM32\VERSION.dll
0x00007ffb492f0000 - 0x00007ffb4931d000 	C:\WINDOWS\System32\IMM32.DLL
0x00007ffb05d80000 - 0x00007ffb05e2a000 	C:\Program Files\Java\jdk-12\bin\msvcp140.dll
0x00007ffaf5090000 - 0x00007ffaf5c04000 	C:\Program Files\Java\jdk-12\bin\server\jvm.dll
0x00007ffb48930000 - 0x00007ffb48938000 	C:\WINDOWS\System32\PSAPI.DLL
0x00007ffb30f50000 - 0x00007ffb30f59000 	C:\WINDOWS\SYSTEM32\WSOCK32.dll
0x00007ffb45740000 - 0x00007ffb45763000 	C:\WINDOWS\SYSTEM32\WINMM.dll
0x00007ffb49c60000 - 0x00007ffb49ccc000 	C:\WINDOWS\System32\WS2_32.dll
0x00007ffb452d0000 - 0x00007ffb452fa000 	C:\WINDOWS\SYSTEM32\winmmbase.dll
0x00007ffb48520000 - 0x00007ffb48569000 	C:\WINDOWS\System32\cfgmgr32.dll
0x00007ffb47620000 - 0x00007ffb47631000 	C:\WINDOWS\System32\kernel.appcore.dll
0x00007ffb289f0000 - 0x00007ffb28a01000 	C:\Program Files\Java\jdk-12\bin\verify.dll
0x00007ffb338e0000 - 0x00007ffb33aa9000 	C:\WINDOWS\SYSTEM32\DBGHELP.DLL
0x00007ffb2e6e0000 - 0x00007ffb2e709000 	C:\WINDOWS\SYSTEM32\dbgcore.DLL
0x00007ffb17de0000 - 0x00007ffb17e06000 	C:\Program Files\Java\jdk-12\bin\java.dll
0x00007ffb31080000 - 0x00007ffb3108e000 	C:\Program Files\Java\jdk-12\bin\instrument.dll
0x00007ffb28980000 - 0x00007ffb28997000 	C:\Program Files\Java\jdk-12\bin\zip.dll
0x00007ffb30ef0000 - 0x00007ffb30efa000 	C:\Program Files\Java\jdk-12\bin\jimage.dll
0x00007ffb49e20000 - 0x00007ffb4b260000 	C:\WINDOWS\System32\SHELL32.dll
0x00007ffb49d70000 - 0x00007ffb49e19000 	C:\WINDOWS\System32\shcore.dll
0x00007ffb478a0000 - 0x00007ffb47fad000 	C:\WINDOWS\System32\windows.storage.dll
0x00007ffb48be0000 - 0x00007ffb48c31000 	C:\WINDOWS\System32\shlwapi.dll
0x00007ffb47600000 - 0x00007ffb4761f000 	C:\WINDOWS\System32\profapi.dll
0x00007ffb475b0000 - 0x00007ffb475fc000 	C:\WINDOWS\System32\powrprof.dll
0x00007ffb475a0000 - 0x00007ffb475aa000 	C:\WINDOWS\System32\FLTLIB.DLL
0x00007ffb282b0000 - 0x00007ffb282c9000 	C:\Program Files\Java\jdk-12\bin\net.dll
0x00007ffb41db0000 - 0x00007ffb41e8d000 	C:\WINDOWS\SYSTEM32\WINHTTP.dll
0x00007ffb3d370000 - 0x00007ffb3d538000 	C:\WINDOWS\SYSTEM32\urlmon.dll
0x00007ffb3a1c0000 - 0x00007ffb3a466000 	C:\WINDOWS\SYSTEM32\iertutil.dll
0x00007ffb46fd0000 - 0x00007ffb46fdb000 	C:\WINDOWS\SYSTEM32\CRYPTBASE.DLL
0x00007ffb46e20000 - 0x00007ffb46e86000 	C:\WINDOWS\system32\mswsock.dll
0x00007ffb27dc0000 - 0x00007ffb27dd3000 	C:\Program Files\Java\jdk-12\bin\nio.dll
0x00007ffb29980000 - 0x00007ffb2999a000 	D:\Programmi\IntelliJ IDEA Community Edition 2018.3.4\bin\breakgen64.dll
0x00007ffafc300000 - 0x00007ffafc49f000 	C:\Program Files\Java\jdk-12\bin\awt.dll
0x00007ffb490f0000 - 0x00007ffb491b2000 	C:\WINDOWS\System32\OLEAUT32.dll
0x00007ffb44b50000 - 0x00007ffb45117000 	C:\WINDOWS\SYSTEM32\d2d1.dll
0x00007ffb459a0000 - 0x00007ffb45a2b000 	C:\WINDOWS\SYSTEM32\apphelp.dll
0x00007ffb45c60000 - 0x00007ffb45cf8000 	C:\WINDOWS\system32\uxtheme.dll
0x00007ffb48940000 - 0x00007ffb48ab3000 	C:\WINDOWS\System32\MSCTF.dll
0x00007ffb45d30000 - 0x00007ffb45d59000 	C:\WINDOWS\system32\dwmapi.dll
0x00007ffb48c40000 - 0x00007ffb48d91000 	C:\WINDOWS\System32\ole32.dll
0x00007ffaf4ed0000 - 0x00007ffaf4ff0000 	C:\WINDOWS\system32\opengl32.dll
0x00007ffb26c10000 - 0x00007ffb26c3c000 	C:\WINDOWS\SYSTEM32\GLU32.dll
0x00007ffb42150000 - 0x00007ffb4223e000 	C:\WINDOWS\System32\DriverStore\FileRepository\nvhdci.inf_amd64_f24272f1362fc257\nvldumdx.dll
0x00007ffb47fb0000 - 0x00007ffb48192000 	C:\WINDOWS\System32\crypt32.dll
0x00007ffb47640000 - 0x00007ffb47652000 	C:\WINDOWS\System32\MSASN1.dll
0x00007ffb48420000 - 0x00007ffb48477000 	C:\WINDOWS\System32\WINTRUST.DLL
0x00007ffb490d0000 - 0x00007ffb490ed000 	C:\WINDOWS\System32\imagehlp.dll
0x00007ffb46fe0000 - 0x00007ffb46ff7000 	C:\WINDOWS\SYSTEM32\CRYPTSP.dll
0x00007ffb46a00000 - 0x00007ffb46a33000 	C:\WINDOWS\system32\rsaenh.dll
0x00007ffb47100000 - 0x00007ffb47125000 	C:\WINDOWS\SYSTEM32\bcrypt.dll
0x00007ffb06aa0000 - 0x00007ffb07edc000 	C:\WINDOWS\System32\DriverStore\FileRepository\nvhdci.inf_amd64_f24272f1362fc257\nvd3dumx.dll
0x00007ffb3d630000 - 0x00007ffb3d6f4000 	C:\Program Files (x86)\NVIDIA Corporation\3D Vision\nvSCPAPI64.dll
0x00007ffb49810000 - 0x00007ffb49c5b000 	C:\WINDOWS\System32\SETUPAPI.dll
0x00007ffb0ec00000 - 0x00007ffb0eea7000 	C:\WINDOWS\system32\nvspcap64.dll
0x00007ffb46690000 - 0x00007ffb466c1000 	C:\WINDOWS\SYSTEM32\ntmarta.dll
0x00007ffb462e0000 - 0x00007ffb46302000 	C:\WINDOWS\SYSTEM32\gpapi.dll
0x00007ffb3e320000 - 0x00007ffb3e34e000 	C:\WINDOWS\SYSTEM32\cryptnet.dll
0x00007ffb05e80000 - 0x00007ffb05f00000 	C:\Program Files\Java\jdk-12\bin\freetype.dll
0x00007ffb175f0000 - 0x00007ffb1765f000 	C:\Program Files\Java\jdk-12\bin\fontmanager.dll
0x00007ffb36ff0000 - 0x00007ffb37086000 	C:\WINDOWS\System32\TextInputFramework.dll
0x00007ffb42b00000 - 0x00007ffb42e1e000 	C:\WINDOWS\System32\CoreUIComponents.dll
0x00007ffb45660000 - 0x00007ffb4573a000 	C:\WINDOWS\System32\CoreMessaging.dll
0x00007ffb436c0000 - 0x00007ffb4380d000 	C:\WINDOWS\SYSTEM32\wintypes.dll
0x00007ffb29140000 - 0x00007ffb29152000 	C:\Program Files\Java\jdk-12\bin\jsound.dll
0x00007ffb17e10000 - 0x00007ffb17e9f000 	C:\WINDOWS\SYSTEM32\DSOUND.dll
0x00007ffb49380000 - 0x00007ffb49420000 	C:\WINDOWS\System32\clbcatq.dll
0x00007ffb3e170000 - 0x00007ffb3e1e6000 	C:\WINDOWS\System32\MMDevApi.dll
0x00007ffb473b0000 - 0x00007ffb473d7000 	C:\WINDOWS\System32\DEVOBJ.dll
0x00007ffb44070000 - 0x00007ffb44224000 	C:\WINDOWS\System32\PROPSYS.dll
0x00007ffb2c650000 - 0x00007ffb2c694000 	C:\WINDOWS\SYSTEM32\wdmaud.drv
0x00007ffb3d5f0000 - 0x00007ffb3d5f9000 	C:\WINDOWS\SYSTEM32\ksuser.dll
0x00007ffb43250000 - 0x00007ffb4325a000 	C:\WINDOWS\SYSTEM32\AVRT.dll
0x00007ffb3e1f0000 - 0x00007ffb3e31c000 	C:\WINDOWS\SYSTEM32\AUDIOSES.DLL
0x00007ffb3d5e0000 - 0x00007ffb3d5ed000 	C:\WINDOWS\SYSTEM32\msacm32.drv
0x00007ffb2c3f0000 - 0x00007ffb2c40c000 	C:\WINDOWS\SYSTEM32\MSACM32.dll
0x00007ffb30010000 - 0x00007ffb3001a000 	C:\WINDOWS\SYSTEM32\midimap.dll
0x00007ffb360f0000 - 0x00007ffb36204000 	C:\Windows\System32\Windows.UI.dll
0x00007ffb35fd0000 - 0x00007ffb36049000 	C:\Windows\System32\InputHost.dll
0x00007ffb474a0000 - 0x00007ffb474c8000 	C:\WINDOWS\SYSTEM32\USERENV.dll
0x00007ffb46ba0000 - 0x00007ffb46bd8000 	C:\WINDOWS\SYSTEM32\IPHLPAPI.DLL
0x00007ffb49670000 - 0x00007ffb49678000 	C:\WINDOWS\System32\NSI.dll
0x00007ffb41090000 - 0x00007ffb410a6000 	C:\WINDOWS\SYSTEM32\dhcpcsvc6.DLL
0x00007ffb41000000 - 0x00007ffb4101a000 	C:\WINDOWS\SYSTEM32\dhcpcsvc.DLL
0x00007ffb16b20000 - 0x00007ffb16b4d000 	C:\Program Files\Java\jdk-12\bin\javajpeg.dll
0x00007ffafc730000 - 0x00007ffafca04000 	C:\Users\feder\AppData\Roaming\discord\0.0.305\modules\discord_hook\151198a728\DiscordHook64.dll

dbghelp: loaded successfully - version: 4.0.5 - missing functions: none
symbol engine: initialized successfully - sym options: 0x614 - pdb path: .;C:\Program Files\Java\jdk-12\bin;C:\WINDOWS\SYSTEM32;C:\WINDOWS\WinSxS\amd64_microsoft.windows.common-controls_6595b64144ccf1df_6.0.17134.706_none_fb43a2cb30647007;C:\Program Files\Java\jdk-12\bin\server;D:\Programmi\IntelliJ IDEA Community Edition 2018.3.4\bin;C:\WINDOWS\System32\DriverStore\FileRepository\nvhdci.inf_amd64_f24272f1362fc257;C:\Program Files (x86)\NVIDIA Corporation\3D Vision;C:\Users\feder\AppData\Roaming\discord\0.0.305\modules\discord_hook\151198a728

VM Arguments:
jvm_args: -javaagent:D:\Programmi\IntelliJ IDEA Community Edition 2018.3.4\lib\idea_rt.jar=52166:D:\Programmi\IntelliJ IDEA Community Edition 2018.3.4\bin -Dfile.encoding=UTF-8 
java_command: ViewController.Menu
java_class_path (initial): C:\Users\feder\Dropbox\INFORMATICA\SaveTheCat\out\production\SaveTheCat
Launcher Type: SUN_STANDARD

[Global flags]
     intx CICompilerCount                          = 4                                         {product} {ergonomic}
     uint ConcGCThreads                            = 2                                         {product} {ergonomic}
     uint G1ConcRefinementThreads                  = 8                                         {product} {ergonomic}
   size_t G1HeapRegionSize                         = 1048576                                   {product} {ergonomic}
    uintx GCDrainStackTargetSize                   = 64                                        {product} {ergonomic}
   size_t InitialHeapSize                          = 268435456                                 {product} {ergonomic}
   size_t MarkStackSize                            = 4194304                                   {product} {ergonomic}
   size_t MaxHeapSize                              = 4278190080                                {product} {ergonomic}
   size_t MaxNewSize                               = 2566914048                                {product} {ergonomic}
   size_t MinHeapDeltaBytes                        = 1048576                                   {product} {ergonomic}
    uintx NonNMethodCodeHeapSize                   = 5836300                                {pd product} {ergonomic}
    uintx NonProfiledCodeHeapSize                  = 122910970                              {pd product} {ergonomic}
    uintx ProfiledCodeHeapSize                     = 122910970                              {pd product} {ergonomic}
    uintx ReservedCodeCacheSize                    = 251658240                              {pd product} {ergonomic}
     bool SegmentedCodeCache                       = true                                      {product} {ergonomic}
     bool UseCompressedClassPointers               = true                                 {lp64_product} {ergonomic}
     bool UseCompressedOops                        = true                                 {lp64_product} {ergonomic}
     bool UseG1GC                                  = true                                      {product} {ergonomic}
     bool UseLargePagesIndividualAllocation        = false                                  {pd product} {ergonomic}

Logging:
Log output configuration:
 #0: stdout all=warning uptime,level,tags
 #1: stderr all=off uptime,level,tags

Environment Variables:
PATH=C:\Program Files (x86)\Razer\ChromaBroadcast\bin;C:\Program Files\Razer\ChromaBroadcast\bin;C:\Program Files (x86)\Common Files\Oracle\Java\javapath;C:\Program Files (x86)\Razer Chroma SDK\bin;C:\Program Files\Razer Chroma SDK\bin;C:\Program Files (x86)\Intel\iCLS Client\;C:\Program Files\Intel\iCLS Client\;C:\windows\system32;C:\windows;C:\windows\System32\Wbem;C:\windows\System32\WindowsPowerShell\v1.0\;C:\Program Files (x86)\Intel\Intel(R) Management Engine Components\DAL;C:\Program Files\Intel\Intel(R) Management Engine Components\DAL;C:\Program Files (x86)\Intel\Intel(R) Management Engine Components\IPT;C:\Program Files\Intel\Intel(R) Management Engine Components\IPT;C:\Program Files (x86)\NVIDIA Corporation\PhysX\Common;C:\WINDOWS\system32;C:\WINDOWS;C:\WINDOWS\System32\Wbem;C:\WINDOWS\System32\WindowsPowerShell\v1.0\;C:\Users\feder\AppData\Local\Microsoft\WindowsApps;D:\Programmi\Compilatore\bin;C:\WINDOWS\system32;C:\WINDOWS;C:\WINDOWS\System32\Wbem;C:\WINDOWS\System32\WindowsPowerShell\v1.0\;C:\WINDOWS\System32\OpenSSH\;D:\Programmi\QuickTime\QTSystem\;C:\Program Files\Intel\WiFi\bin\;C:\Program Files\Common Files\Intel\WirelessCommon\;C:\Program Files\NVIDIA Corporation\NVIDIA NvDLISR;D:\Programmi\Git\cmd;C:\WINDOWS\system32\config\systemprofile\AppData\Local\Microsoft\WindowsApps;C:\Users\feder\AppData\Local\Microsoft\WindowsApps
USERNAME=Freder
OS=Windows_NT
PROCESSOR_IDENTIFIER=Intel64 Family 6 Model 94 Stepping 3, GenuineIntel



---------------  S Y S T E M  ---------------

OS: Windows 10 , 64 bit Build 17134 (10.0.17134.706)

CPU:total 8 (initial active 8) (4 cores per cpu, 2 threads per core) family 6 model 94 stepping 3, cmov, cx8, fxsr, mmx, sse, sse2, sse3, ssse3, sse4.1, sse4.2, popcnt, avx, avx2, aes, clmul, erms, rtm, 3dnowpref, lzcnt, ht, tsc, tscinvbit, bmi1, bmi2, adx, fma

Memory: 4k page, system-wide physical 16319M (8754M free)
TotalPageFile size 19903M (AvailPageFile size 8430M)
current process WorkingSet (physical memory assigned to process): 466M, peak: 549M
current process commit charge ("private bytes"): 635M, peak: 710M

vm_info: Java HotSpot(TM) 64-Bit Server VM (12+33) for windows-amd64 JRE (12+33), built on Feb 21 2019 02:31:50 by "mach5one" with MS VC++ 15.5 (VS2017)

END.
